3 11 229 296 
4 85 194 22 45 
3 143 168 89 
4 76 279 249 9 
3 32 34 115 
3 275 138 47 
4 108 118 277 67 
2 106 41 
4 199 122 288 87 
4 257 99 90 28 
2 211 212 
3 184 209 240 
4 164 163 135 124 
3 0 233 222 
3 165 88 243 
3 297 148 61 
3 236 43 75 
3 77 102 167 
3 73 255 110 
2 294 206 
3 251 103 254 
4 53 72 81 130 
4 274 91 235 7 
2 287 162 
3 290 68 37 
3 153 4 48 
2 259 104 
3 86 159 30 
3 131 260 181 
3 268 8 1 
2 80 283 
3 40 258 246 
3 134 281 66 
2 203 16 
3 241 136 248 
2 265 15 
4 46 31 133 237 
2 216 266 
4 226 182 183 286 
1 213 
2 189 282 
5 269 299 147 2 19 
2 119 180 
3 156 208 231 
4 52 198 155 24 
2 59 276 
3 284 120 127 
3 210 42 230 
3 270 55 116 
3 278 137 298 
2 54 256 
3 49 207 62 
4 128 272 273 93 
3 94 113 227 
3 160 161 242 
3 152 29 58 
4 169 220 291 117 
2 18 154 
2 285 35 
4 13 157 175 190 
3 218 223 219 
3 95 97 27 
2 98 92 
4 149 172 139 214 
3 151 225 185 
3 158 200 69 
2 63 228 
4 193 44 111 264 
2 271 123 
3 126 74 140 
2 292 10 
2 79 78 
2 187 101 
3 56 170 166 
3 244 252 60 
3 141 174 202 
3 205 129 289 
3 57 238 5 
3 105 232 114 
3 64 176 38 
3 224 215 82 
3 217 263 100 
3 17 50 197 
2 83 112 
3 146 201 178 
3 239 173 171 
2 245 250 
3 150 109 280 
4 247 23 144 145 
3 39 177 84 
4 21 195 6 142 
3 295 51 107 
2 262 96 
4 192 261 3 186 
4 293 71 267 253 
3 121 132 14 
3 26 20 196 
2 188 25 
3 191 125 70 
2 204 12 
