24 9628 5403 519 7644 5829 7065 4416 4443 9807 9375 8493 3231 1456 7730 487 6163 8841 1391 6467 2402 3055 4383 5737 6006 
22 2420 296 9059 3781 8937 4618 7171 2978 2657 6796 6982 7042 3431 6945 2530 1798 7664 5679 6901 186 8998 506 
23 5888 3121 9843 1788 5684 5948 5494 7310 8737 5860 7547 7345 4341 6188 1652 4980 6307 7987 4178 5691 854 6176 1770 
25 7683 7518 9881 4060 931 5863 28 649 2919 2491 6941 4297 5042 4920 3045 6663 5782 3116 2702 8386 7731 7735 9277 6135 6837 
24 2260 4628 3141 5703 7373 8327 4849 7137 740 744 4855 6029 7350 9473 1164 6168 2209 9067 5700 8235 6841 3850 9505 806 
25 7398 5837 7578 9343 4355 4029 2113 9268 7529 2934 730 6028 5058 2796 4322 6916 1231 3550 8977 4621 5535 6375 8656 8947 4947 
23 3420 1435 9831 1791 7391 6261 1431 9716 8736 1750 5759 9036 9399 8573 2954 804 6373 9487 8804 5336 3532 9679 7441 
21 6910 520 699 2207 3624 1960 1983 1648 8666 6013 7533 2382 1749 3748 3865 774 6335 9888 3565 6653 8712 
23 2927 4494 5887 2473 4288 1799 6124 6066 7892 5159 9799 670 2535 4917 370 1270 2165 7789 2309 4128 1224 3681 1502 
24 7734 1612 8665 3675 9444 347 594 69 781 725 273 5128 6731 7471 8481 8603 3833 6606 6073 7183 994 5466 9849 1478 
17 9774 4485 8453 4210 410 1129 759 345 8387 2769 7913 9321 8660 6434 8639 5086 4351 
26 1905 3783 2084 761 6690 855 8673 9227 2935 4617 2907 1228 8211 3724 5777 7225 9936 2665 3219 5132 6695 6779 9865 865 1415 783 
23 4741 4639 9562 421 1807 9464 6120 1578 3854 985 9814 7743 6551 6672 3444 7099 9558 8017 290 1877 3293 3691 8459 
18 7346 3567 385 4257 5825 5932 9052 453 3649 3937 6 2853 5954 4921 6804 7401 8966 9958 
21 7780 3940 5627 5316 7778 8290 3958 5776 1073 2969 3836 7189 1395 9201 1204 6604 2182 7040 4896 6866 1485 
24 6915 1691 378 5961 6897 5793 2316 5107 7340 2689 8372 4347 4538 5868 7235 5488 9640 2274 8193 4625 2027 3039 8220 1497 
23 9810 2157 524 5435 6200 4139 3465 6510 9438 7394 1957 7623 6578 7914 8729 8363 9853 140 8527 4307 1746 1323 1080 
25 2061 4676 5105 7856 9872 444 517 7651 4578 3703 2230 5871 2971 1718 1313 7888 9132 6835 2081 8311 5824 3308 9472 6014 4221 
23 5847 5258 8839 4193 5473 412 5431 4142 3136 7344 5237 5787 117 3396 2394 7910 6326 2499 77 7524 3615 1947 4647 
24 4571 106 6664 862 372 4104 8540 4686 5012 3221 3284 6899 7682 5826 8407 4903 7067 1551 2006 7852 9902 6494 1585 650 
23 5424 8916 2683 3290 6903 7933 8246 8463 5272 8073 3588 303 7241 3525 6300 9110 6156 3587 8031 8444 6727 8004 6852 
22 981 7616 2882 5065 7223 6829 1549 7631 9744 2422 9604 1831 9241 3195 9054 3480 9446 9645 8778 9161 3855 3133 
24 4187 3592 8431 9138 4745 7264 7219 2105 6493 9944 9678 4954 1924 8333 2273 2241 2559 1525 8479 8884 4261 7103 3714 1830 
18 9597 4387 8309 7000 8934 3273 4822 4467 8911 5548 2879 4662 222 1856 8622 9857 7707 1479 
25 2106 9139 2820 9269 1653 5835 3043 7389 484 8383 9454 9163 3715 2771 3623 1504 9959 7850 6115 7238 3813 6640 9805 6208 3720 
17 541 6588 8747 9970 4233 873 9905 6789 5429 7653 1518 7851 3495 4669 143 1536 2662 
26 1207 5033 9800 2387 4519 2648 5806 3474 2017 6530 5955 3704 9851 7440 2404 3690 4323 6057 3678 3814 7957 6444 7154 4141 5850 7592 
26 4658 4731 1290 3269 4251 2891 6930 3331 5531 4370 4478 500 8096 5306 3415 3668 4171 8703 3426 5538 3314 3189 3891 7998 1193 9273 
17 1874 3945 7657 3710 8813 9434 6224 2719 4684 1454 5517 1044 3279 6689 4660 569 3716 
27 7166 6909 6774 8100 5999 5122 5915 8173 3182 8732 2642 5822 6368 3479 785 2180 3085 1401 2714 4894 9450 7326 5481 6840 9456 3235 4241 
28 2726 961 1371 1010 9083 4319 1909 2626 5499 7167 4888 6253 4075 3951 9015 5434 1345 832 4217 6267 1300 6599 1896 2849 3228 8609 8991 6661 
18 2583 2013 55 8928 8591 6787 5016 1602 3286 7486 9629 9316 668 1973 3795 4972 5588 3078 
22 8942 9461 8076 4143 9137 4205 7949 5556 2606 6795 4053 9808 72 8495 7416 110 9469 4527 4939 3316 5282 425 
23 5277 4168 5788 24 9544 6279 8266 6981 8348 5262 1580 4808 7059 3285 5502 7572 3626 590 4068 7582 9356 2930 7741 
22 8145 3542 5477 6950 7897 6274 9867 6056 1341 6577 9583 9930 2225 6198 9965 6497 9417 2863 4651 3554 8194 6635 
20 9563 2561 7297 9310 8293 5503 494 5119 3555 4442 593 6641 607 7296 869 463 9131 3602 770 420 
26 4982 4841 7638 7436 5885 2350 8103 3106 1925 6566 7919 4809 5208 9353 6344 5274 7542 7805 5545 2667 85 8768 51 4846 8252 2345 
21 271 9772 9376 4543 9518 5476 8631 4721 1005 2831 7447 2881 5115 1052 8122 8683 8307 2383 6386 7191 5575 
22 1862 7942 7801 6668 1020 1583 320 521 5156 8782 5211 875 8222 3698 4346 26 1462 5060 6106 8951 2289 3104 
17 6314 1258 8868 7397 3494 2789 6229 857 1776 6468 6704 7779 5205 1642 9648 8613 822 
21 3893 9366 1556 4599 2900 6869 8684 7598 920 3673 5562 3170 6565 5611 4987 2600 9030 1467 5661 7979 8923 
18 9382 204 5044 9782 4280 4062 5110 305 7929 976 5265 8634 970 5066 5515 200 8767 8711 
25 6265 6415 6592 3301 2681 4058 7500 6612 7477 9026 8319 7494 4308 7073 7063 7843 3886 830 7569 3785 799 9982 1366 4506 5349 
24 8186 6319 4771 4537 4049 343 3499 7214 8368 5803 4026 9283 8053 52 2 634 6957 4879 3081 3979 6554 1581 1959 1182 
18 7131 8032 6657 8492 2222 7267 9675 507 2461 4149 4716 3096 4368 1636 1194 5264 9238 6055 
21 3952 4738 3054 163 375 8618 9240 6473 9497 7266 1914 2348 9043 525 944 8647 3656 5757 2120 1917 246 
22 2672 2433 7249 709 5170 4597 2482 8780 6433 3514 9117 8626 8315 1812 3149 9087 6100 6503 8391 2191 2453 7538 
21 921 3135 9584 1992 1975 8794 6098 1673 3021 704 5362 6042 1655 1987 1899 329 8023 9275 2576 5380 9477 
22 6696 6849 2505 1761 9010 5008 6830 3866 7197 3015 7335 4531 4001 2067 6609 161 5377 4254 2552 4943 5341 4186 
23 8482 1106 6311 9193 9037 4256 2959 2926 3144 9549 2869 1121 5400 4440 3350 6582 6043 346 9465 3672 3682 1994 9896 
25 4817 3605 1634 5878 6790 2185 5384 6067 8962 8814 2444 5049 8608 4354 2240 3034 205 1085 6167 403 9765 9923 5617 8415 4034 
25 7094 2169 4714 8022 1598 7960 6752 6748 2767 5918 2763 6961 810 7425 7806 3717 890 3718 3739 1163 7348 3925 6743 3212 863 
25 8026 6619 9771 3823 4320 8784 8257 6428 8089 9198 9816 4870 7118 8150 1186 886 6376 6763 2472 2022 4185 9355 4637 4794 6905 
24 8566 5373 4117 4472 5904 9809 7298 595 4025 5148 7922 6579 2403 9329 5587 9587 2423 2302 5637 9523 3475 8827 9040 402 
25 3561 823 7082 5413 3380 4698 4834 1403 9832 1276 3582 9108 4591 2698 29 682 9095 5866 1954 3609 5153 8662 3278 3191 3040 
24 983 6183 5716 5474 8159 4466 9239 5697 9105 4063 5901 5191 3987 3192 7630 2628 3306 4940 4719 3580 4971 9085 9219 8276 
26 4876 3220 8176 3965 255 2269 2899 1353 3589 7321 2334 6673 3757 9948 8485 3498 3646 4852 680 4363 7602 7900 6233 1764 4197 4807 
27 5113 8945 4550 9164 5097 7039 7124 2293 6489 182 8282 2336 6719 8761 2329 438 9582 2893 5849 2020 3975 5540 5228 9566 5005 5947 9053 
25 7263 7208 248 8181 2347 6643 4268 3159 2987 7456 3895 1958 1709 2029 8636 9423 2114 4761 2396 7594 8811 1833 2864 7794 4106 
22 5015 8654 7336 6875 510 6716 5297 8847 2715 4150 1069 536 646 1848 7364 2815 8607 9687 7958 5186 2400 9657 
25 6052 7981 16 2408 4115 7172 3397 4211 2791 2929 4365 247 1151 8038 3974 6951 9825 4786 6074 3449 963 1109 6707 3988 4581 
23 9945 9432 2103 9103 8328 173 1310 8805 7204 3371 6973 3741 2031 465 8642 2981 6586 7312 6995 560 8013 8764 2040 
24 5720 8371 1175 3462 9634 724 9340 1842 6506 2998 4892 6597 8223 2034 30 3700 6791 7753 1340 8353 5034 157 1076 8187 
26 8177 2361 6405 6019 8756 2980 6639 5447 8900 6459 5111 2901 5520 332 1567 3103 3572 5112 1864 2089 2058 8939 4398 1424 9610 4046 
19 2538 499 1777 8910 231 3923 6352 8467 3736 5261 8427 5207 2049 2912 1649 6684 3831 6874 7002 
22 5340 633 3385 6979 7977 4820 7970 3026 6523 716 6976 3408 1187 715 7680 5131 2041 1541 4842 7846 4632 1057 
18 6568 5905 12 1448 1888 6772 7966 6011 3942 8611 224 3287 6605 5649 2360 3695 384 9004 
24 7665 6626 8098 996 6871 4132 1139 1664 9789 6008 3576 3622 701 1075 2319 6383 4733 400 4636 7675 6991 9758 1357 6151 
18 4746 1671 3289 5295 1408 2437 4867 8825 505 1928 8424 583 1002 8491 7365 5774 6162 9007 
26 135 9093 1641 4067 8964 8406 8906 1326 5182 8781 8442 5651 821 1965 2300 7290 9401 6024 1660 7587 7465 6561 1179 3496 6111 9993 
21 5862 9602 2579 4584 2635 6966 7141 4112 581 5988 842 7940 4431 1966 4228 4748 9861 4120 6222 3558 3577 
24 5014 4410 7016 7884 3507 37 7608 4336 9979 5577 1640 2232 4594 1466 7956 13 4463 9134 6545 9445 9309 566 860 5579 
26 7315 8798 818 6451 8628 2988 3871 5966 2305 5960 622 2511 2933 3172 6367 3203 4270 2542 5422 3213 5650 243 8880 6518 7105 5231 
22 3146 5202 8661 7069 7097 2713 1120 9871 4130 4812 3198 5406 2567 6416 3758 2646 651 6154 9468 1038 6659 1235 
19 6857 5746 4541 2188 8274 9363 5125 9462 5038 4556 3291 6144 54 8241 5304 7442 1184 4570 4779 
25 7271 2229 9627 9941 2825 5351 4563 6123 1293 1808 3820 7055 2116 2190 3282 5563 3157 6997 741 5142 5908 7357 7661 7332 3345 
23 8507 2107 8225 2143 5791 4127 7689 2829 8464 6059 3188 1738 1124 3309 1622 2986 2189 1513 1083 2817 3839 6627 9635 
22 5508 371 6870 6228 3986 5924 3856 5610 3109 1828 2963 9498 5120 4944 9323 8385 5309 907 2797 1918 2140 4375 
23 3002 8395 5158 3846 4258 9894 109 7807 7559 4292 1489 7546 2101 8401 1890 9288 3790 4990 1404 2322 6824 2073 3343 
22 5167 6893 550 4495 3099 7045 4253 7497 9259 4863 1418 6851 6385 1783 6046 413 1731 3082 8140 2572 3337 1197 
18 786 7545 2872 6086 5175 5436 648 7159 8535 6392 1512 368 8559 4372 7523 8067 1295 995 
25 2426 3967 6378 6291 466 498 8506 5622 391 6636 9507 2056 4668 5160 7819 8287 1198 5682 6816 3281 2398 6736 7385 9250 2585 
19 585 4770 2575 1445 1463 3655 9990 6818 8234 4224 9294 7906 908 1136 6825 2859 8135 8488 8128 
23 509 6680 2244 9181 1632 6739 960 6937 7811 9510 6401 2905 7792 7628 6524 2782 6512 8217 9216 4823 8404 1082 4406 
20 4633 7946 9128 8953 8612 1206 2840 1528 100 3242 1262 6703 3092 5658 5551 3764 7828 2746 9348 868 
25 7941 6516 2496 8069 9442 6212 8014 4247 6821 559 7793 3991 93 8501 8438 3005 1217 5492 3520 3425 6474 9207 2500 3402 3950 
23 4196 2091 2203 9470 8092 7551 4640 5598 1843 3811 1507 6902 9779 3093 6985 6372 8191 2876 1062 4426 8260 2629 4997 
21 6850 4843 6414 6409 153 4036 8341 5680 7146 1040 2112 1238 6861 5831 8651 6971 8658 2220 2539 9731 9220 
23 5761 6479 3564 4840 8343 119 8848 6618 5069 4490 933 7694 419 6525 87 2961 2415 7754 6939 6906 9540 2551 1374 
21 8373 4904 3730 1066 2923 3263 577 9279 5852 5163 534 9011 2392 9336 6412 6762 8664 6702 9819 5063 2802 
22 2294 882 2312 2564 3342 8255 2008 9751 729 2271 952 3905 6629 8437 2411 2154 4238 6398 2174 4729 7329 5524 
25 8379 9255 1597 1174 7226 3369 297 8232 8084 4486 3037 8083 9622 5320 3505 8367 7769 2574 5767 8930 7178 5108 443 7872 2443 
22 3523 8474 8080 7724 1255 1719 8313 8167 2262 3996 1599 9554 734 1232 1603 223 2819 6053 5619 4772 2323 5942 
24 6138 377 4970 6455 1230 1809 6650 6964 3155 6533 3914 4768 5747 5315 4715 4881 4225 9141 957 4602 1239 9426 9802 751 
25 686 803 8502 9738 88 5321 9045 4766 9331 3140 2210 4074 3255 2287 6187 7759 9140 7876 6623 3270 8595 7333 5260 575 8147 
24 9951 1847 4005 3935 1861 3995 8974 7066 7316 8569 2560 1661 7010 7181 6952 158 6764 663 4160 9595 844 2333 1487 4338 
22 4284 8261 6245 1378 7072 1095 9191 8296 1522 2861 9342 753 7437 3025 7939 7765 3387 2087 5126 9031 6868 4366 
25 175 7952 7029 9171 2775 3139 5486 6559 5838 8550 3412 9650 1716 2762 1552 1631 3786 2570 4243 1935 6437 4893 6758 6500 8060 
19 4875 8842 698 2457 9371 7756 5333 5917 9090 6439 1302 1982 9488 3239 1250 1825 6132 7027 1459 
24 645 2765 5415 4706 2138 450 4544 9162 460 2127 5816 2941 4505 7370 6250 9677 7870 6192 6193 2458 9655 6081 388 3432 
16 8872 2839 6404 8184 7121 2664 7499 38 8888 1976 8570 7669 4831 145 485 6363 
25 1937 5035 5657 6882 3980 2090 1863 8131 3859 8091 7881 8635 1875 9826 8270 9503 6584 8369 1846 373 1041 1850 5114 7640 9306 
22 8228 7410 3083 6644 846 7305 8190 4616 6803 1377 4473 1853 6487 7596 5203 7610 1926 5899 2993 9056 7548 8840 
24 5236 1532 9024 8743 9204 3526 6365 3066 3174 8065 5006 2365 3817 3488 3492 6087 8284 6357 2979 8952 3124 3150 8272 3197 
23 5744 3529 6153 7921 130 1154 3723 1775 5017 4775 7742 5453 1168 9365 8671 3476 3391 1824 7877 8832 522 5210 2021 
23 7220 2306 7879 7461 4655 7880 1003 6093 3339 2856 4017 9208 1773 7251 8420 916 764 6883 3502 6180 280 3484 7562 
23 7020 5464 771 5240 8324 4039 8295 1330 2956 1183 4434 2940 4882 2611 962 7712 8757 3537 5564 6562 9491 3787 1443 
17 2823 5036 7347 2806 1501 6020 8429 2028 6649 1452 1397 9271 7451 3354 6249 7459 1460 
26 6017 9218 4033 7584 2827 9806 8851 8105 8125 3406 6370 75 3486 2730 5631 8979 3633 5526 9113 1152 7624 1684 5366 5381 8865 6034 
26 1897 9034 5374 2012 4435 3215 7044 9909 7422 7790 5994 4525 15 2130 1483 1312 9636 5462 60 6613 4899 2632 7426 6196 8336 3902 
17 7095 1735 3882 4851 5389 4994 628 1619 2953 7107 1359 7502 8693 1964 1563 7751 4327 
18 1884 6450 9767 3596 1778 9266 8410 1740 626 7047 4 2725 9344 4901 3804 7549 2429 6624 
23 1068 5836 9842 7926 8917 674 1115 4158 8902 7119 727 5256 9500 4653 838 2625 1035 9712 6105 8748 5011 1078 9694 
21 1836 547 208 8717 9576 197 5666 5561 1346 3471 9513 9885 393 9917 8203 979 8734 4295 5920 2122 6371 
23 7276 5002 7858 1802 74 4777 9192 1382 4795 7573 3334 6194 3464 6738 7673 3447 5717 4244 8675 334 2375 5318 8850 
22 35 5248 5951 5215 1133 1233 445 5100 1539 2218 8317 1753 5293 986 1721 3071 8497 4455 8143 3390 6709 282 
23 7834 4164 5335 906 8516 1609 8243 4044 7212 1739 1970 4389 2427 9952 4656 9607 2792 5922 8689 7192 9756 7931 2126 
19 2303 2152 7108 7531 4988 606 6032 5843 5673 5758 474 6136 6310 353 527 3738 6204 8949 1596 
18 3796 3522 508 827 543 4382 8578 2354 4504 237 8751 9764 580 7283 8870 1471 3244 1726 
17 9947 7247 3310 9739 5455 5302 2038 2297 3755 5521 4156 9973 614 5423 568 1388 5902 
25 4742 2790 1904 4446 3470 6540 5387 8206 4501 4459 1030 4826 6814 2380 6417 1682 1291 6819 4856 2076 4522 2984 6389 3598 4968 
24 8288 6940 2147 8912 7838 6715 5913 1324 7384 8511 1088 8984 5314 8752 8439 3551 9496 9330 9088 523 6421 315 5865 3743 
27 2010 4905 656 3793 8799 9242 9564 7691 9173 9492 1989 423 3699 1426 1329 711 6360 7544 3303 3299 4781 8819 4200 392 4554 911 7302 
18 9696 3421 3275 7090 6812 9714 3423 7114 1901 9414 5130 1887 3147 4783 4345 6466 2983 2175 
19 61 4511 7605 8457 1156 7026 4452 3868 3020 8590 7821 8687 537 7868 6210 6912 7260 5645 9938 
25 6347 5642 6369 5916 8616 4305 5760 3765 7660 6823 5076 4167 8948 8728 1272 6994 3382 8112 9028 5375 7676 2125 2026 3010 3874 
23 747 6234 4989 3376 5026 8855 6555 7363 8959 673 3812 7236 2857 8797 2999 7540 4349 8738 6705 7162 6677 9120 8179 
26 4300 1553 4622 9700 9494 3971 6546 5420 9649 7006 8705 1927 8972 6002 935 4674 4689 8063 7723 735 6757 4564 4386 896 5869 1223 
23 6548 8699 6118 3395 7275 3126 1547 5965 615 5469 1683 2446 219 8101 9378 7937 6776 4821 7360 6759 1729 6270 1098 
24 190 2362 253 9827 8130 7289 597 9018 177 2701 6354 4675 7701 4235 5399 8955 677 5506 8786 1004 8136 3635 5457 763 
21 612 1892 7078 7799 2359 3313 9061 2545 8754 7076 7478 599 5612 4635 8791 1990 300 7643 2937 427 20 
25 3009 58 9229 8446 9411 3807 5569 4484 4981 8882 4223 4454 7637 9684 7240 2785 5765 3688 47 1074 8623 623 6929 2173 3000 
21 5334 2745 7961 1185 6243 4399 4098 9233 4057 7230 102 3131 8448 7008 2431 8771 9644 1955 6247 1747 9876 
20 5603 132 7198 975 1278 6931 9149 9512 1587 6724 4908 9312 9369 7516 1589 5030 6744 4045 9304 4445 
24 2373 5873 2739 3400 6794 6999 9781 8334 8003 2258 2617 5046 9339 9457 4077 489 3373 8019 184 7135 6926 482 887 3375 
22 6483 6281 5020 5305 7996 2410 113 6580 8345 9071 8836 1292 1577 3773 2533 3677 2477 3127 7800 2409 2832 9606 
28 2805 4083 8291 9524 3845 1242 9837 913 3920 5755 757 1972 2519 7043 8775 5605 9133 6486 2057 3585 5615 7586 9429 1902 1405 7873 7242 5507 
19 2356 2903 3368 9626 241 9783 3362 8355 1823 6717 5558 2757 8885 8572 4587 917 3352 7358 4598 
20 3530 661 2874 2844 6299 2066 8175 3117 664 9385 9660 3880 6158 6615 7194 694 6349 250 2641 1498 
22 9570 8844 2470 7144 3969 2109 3409 4720 7475 1247 6476 9718 9290 1999 5437 1981 4967 7142 6585 1687 7589 5078 
23 4183 2920 9119 5977 6833 4750 4984 8766 9769 2707 3142 1160 6131 1542 9361 9332 5003 9542 8695 5711 2314 636 1149 
23 5817 2146 9926 9100 2376 573 4392 2658 8650 8749 3004 2833 286 9243 4657 3324 3930 4963 8846 1978 76 6808 7106 
24 4704 45 8835 9796 8455 2407 7211 1026 3075 6235 7487 9795 8062 7728 289 1566 1573 7457 5161 2729 2268 8669 6334 4267 
24 8644 977 8302 1221 8852 9992 7758 9581 4271 7359 1882 6881 9062 4188 4623 401 3618 9534 6022 5565 7160 4722 8523 9427 
24 3184 3970 8124 2925 131 8201 8557 780 551 189 3894 17 9187 396 4924 3125 3074 2059 6025 5900 8314 1473 1980 6047 
24 1375 4219 8120 4825 8503 8924 7975 8833 3457 2050 7001 7328 4787 9155 7068 8539 9035 2228 9821 4703 1617 2860 3557 7093 
23 9886 5459 9962 2895 1540 3540 3080 7203 2712 2735 9882 3752 3466 5134 1781 7170 8226 4028 843 1036 150 5195 8862 
24 7193 6353 2855 2019 4853 3463 3981 4371 8215 2062 2450 4765 4214 958 1488 8957 2598 493 4097 2479 4576 9651 7695 9724 
20 6469 503 828 7704 5150 9887 6001 5665 2278 6726 533 3910 2469 2717 1117 103 7491 4998 928 7978 
24 283 876 2631 152 6429 7395 6141 9539 2117 8871 149 3317 1123 2097 4568 9817 2716 9761 7827 8342 4276 6968 3747 5392 
26 9086 796 3685 1600 2386 4283 2884 261 8350 5425 5224 4162 618 7993 3452 1031 1977 2471 732 5116 7965 7308 9616 8012 5670 8428 
25 5027 333 9408 84 9374 2133 3271 532 6171 7245 5669 6396 2480 4643 9265 574 7859 9591 4701 4957 9559 4018 7543 1379 1491 
23 7274 9357 4857 5583 6954 8785 1009 3938 3630 8454 1766 9527 3266 2489 6296 7577 3692 8163 6157 5537 5973 2781 8436 
22 4066 1480 6241 966 5858 9908 5184 3177 4294 7301 7932 5933 8755 9215 1702 1920 9725 1816 4510 5291 3503 8259 
22 9667 6645 4712 446 9937 9404 351 2465 1550 8050 3924 216 6137 6570 1492 1304 7164 6986 4752 2171 3411 6388 
21 946 4606 4433 1430 2554 689 7314 5173 8905 6949 6900 3322 3328 2351 518 6325 6199 1607 6112 9381 4726 
27 9889 4909 3663 5221 8366 6671 3260 8377 4805 7180 1511 4232 8375 9267 4912 471 3862 3335 9407 9189 4116 3600 4094 6771 7558 5805 8567 
23 6498 257 1561 5702 9172 8637 7627 9126 5585 6456 665 5601 6178 6537 299 4479 8172 8486 234 5735 8011 3129 3878 
26 464 9728 2401 8678 5882 5559 1728 9571 1102 3295 3233 9759 7019 7591 9705 553 7011 5187 797 7129 8807 610 3405 8416 6632 8688 
24 4915 4788 7199 1301 2187 4195 4269 2616 4707 6751 7656 5539 8268 7766 934 2231 7903 3 8674 2364 4298 6410 4936 9972 
25 7976 1730 2675 8681 6682 3838 7526 5357 9020 8802 22 1014 6453 3173 5219 304 265 4935 4953 7439 4428 9300 1054 4558 3761 
26 5620 2332 2413 9390 3896 9701 7420 1145 2464 3863 1621 8989 9063 3372 6361 6541 4489 8873 9841 5599 4898 1662 9298 2414 1453 5376 
21 4170 1046 3237 3357 5614 3667 3687 1755 9745 7971 8056 5842 8058 3110 502 1047 9934 4121 1361 4753 8744 
26 226 980 4237 6203 3852 8418 3102 2425 4697 8691 5045 582 7755 6337 9182 7157 6005 1820 2513 9757 5552 4264 309 3611 3030 9194 
24 4177 4737 2432 9553 2916 2536 4813 5964 1524 4596 5907 3433 126 6602 1717 2227 5706 6147 5897 6587 5323 2284 6240 5278 
22 679 268 2898 829 2340 9742 4648 6867 5220 8171 5370 107 987 3977 452 2267 6390 3186 4003 5009 8826 42 
27 8034 2578 1425 7883 4405 683 3664 6980 8725 5073 4414 8526 4551 2168 4565 1484 5284 4008 8396 2597 9078 5959 697 8879 8146 9151 6746 
24 554 4316 9296 448 8051 7984 9261 8265 8995 2011 6944 4955 3934 9946 5196 3837 7889 1385 8097 801 3454 2569 7757 8447 
20 4913 5496 8985 433 1017 7744 1042 5634 4546 4357 1933 9864 608 4839 276 2679 3218 4042 6010 338 
24 6165 6895 6975 3713 6943 8110 9291 3347 9631 2374 8244 4277 6068 3114 5144 7604 217 7417 9226 1049 5676 6616 4638 8869 
24 9790 6040 6133 5653 6328 5242 2261 3593 9315 4353 8440 6391 9863 4631 8894 6603 9237 4645 6990 6070 3442 1468 2313 7123 
26 7840 1984 7574 5928 9818 2275 2506 4601 5725 2750 9860 5088 1147 4359 6054 6528 5368 3573 8682 192 2885 8983 2788 8904 848 4906 
23 8461 7479 7505 2682 5345 44 5083 672 6220 2054 6734 3571 1348 2083 2391 5875 7999 584 7761 8087 326 7149 3887 
23 4418 5956 6277 6089 8801 6085 5733 5090 9064 5079 2922 2838 7392 7484 8043 8742 2813 2389 1237 7485 277 4105 653 
23 8267 1167 1283 9278 3818 7783 1724 3200 308 5021 8007 5198 3643 6491 468 6166 195 3927 7824 5514 7561 2385 5728 
22 5104 6935 8803 2693 7896 3068 8033 2172 5410 7101 570 5497 36 3640 3451 3194 900 8562 6215 2065 8408 8115 
19 8458 5307 9697 4199 4962 1814 6231 3669 9829 9555 4222 8 5751 642 8680 5893 5018 1638 3610 
23 4182 2654 8520 5165 34 9632 4667 4705 1130 5692 7403 8633 3180 1742 1219 8987 2633 8068 8008 5398 4184 3162 5584 
25 6255 9143 9262 7049 1137 4328 1996 1165 1202 6327 5397 8584 1274 2837 68 7618 635 8510 1311 235 6858 8158 5391 5881 531 
20 8016 1053 8185 6813 3693 6890 6266 4880 2601 4688 7269 5864 5581 5675 8521 9579 1028 1252 1440 3478 
25 5841 1859 6308 2363 8346 662 637 8530 1261 8698 3802 5914 748 6316 6227 3872 3879 9940 6216 5844 1406 1647 9403 8514 1308 
25 5935 611 8555 7032 2357 9327 2621 5770 9274 9098 3751 6003 5630 1516 3090 3318 9608 669 7839 6440 5749 856 9561 3670 9334 
21 6155 805 5981 330 9703 3763 2834 4959 8859 5511 6364 7342 2733 4672 5062 7849 9247 6293 9169 1299 4362 
21 4589 3193 8863 2801 6185 1667 4202 5636 8298 6638 4986 124 5874 5028 4945 6285 8281 6424 2608 8648 8649 
23 313 8393 8643 4369 3727 5485 4507 1535 3336 939 3349 170 4539 3377 6159 2948 3683 6305 2327 8018 3731 9762 4620 
25 942 4890 6447 4782 793 3944 9156 4096 795 5726 2310 5616 4713 2523 8789 8515 5970 2144 3469 9170 287 1355 3208 1572 3224 
21 1993 8546 4600 596 8538 4725 7708 1444 5077 1264 8856 3595 5209 3504 8045 1743 9101 2202 2317 9180 2166 
23 9746 2160 5216 867 7641 2139 6226 7405 9060 4687 245 3904 5732 4313 8250 1715 1214 9001 3775 2594 1633 1212 3187 
22 6211 8831 7209 2068 1451 3277 1866 3348 8040 7393 9032 4767 6569 7423 2128 3214 9474 7324 7832 2703 6422 2095 
22 3594 7319 2613 8160 6531 5950 6160 5416 2602 398 8280 3932 9482 1779 1091 9244 746 7303 9111 1591 9225 2550 
22 8079 4496 9485 9197 9775 2221 5268 7705 8944 2121 9801 5324 5280 1113 3483 1968 3617 6109 369 8601 4512 6648 
22 7645 6761 9685 2955 302 9409 2151 5190 1245 1907 565 894 6844 2208 5382 4517 3984 3599 4169 6593 9068 4448 
25 2311 1963 5470 6685 8710 9618 7196 9704 411 1254 5937 53 7693 5504 4502 9522 3370 6064 9734 2970 4900 5085 8310 1593 7855 
16 210 6633 3819 9984 1208 5266 5633 5019 2532 2964 9920 6826 4451 8430 4400 2555 
24 4567 8466 64 3591 4665 139 2525 1032 2896 3481 8834 2605 5394 4056 5797 3734 6817 7515 800 8435 8990 4521 7951 5101 
23 8676 5734 8126 5379 3386 1745 7887 1997 2764 2814 2282 2490 6767 1103 4535 1309 3963 3876 6430 5500 4878 9747 387 
21 3247 9041 4263 602 81 3326 840 8971 8258 3941 8326 2950 2301 1260 8178 9573 8204 3164 2184 9118 3238 
19 6202 9891 1457 5024 263 4352 9351 5171 7541 6094 7244 6827 7431 3160 129 1287 3631 7428 7463 
18 3883 9319 7033 6820 2795 5753 4934 7352 8498 2810 6174 2226 6876 8064 8102 3559 6745 3436 
23 3012 242 3199 5772 4151 8376 2720 3018 9144 877 6448 9963 2547 9638 6907 6959 7411 6928 7784 8860 5786 8589 4718 
23 4020 7944 3990 5674 428 7739 8582 1392 5401 397 5586 5527 67 6230 6359 6471 2562 6679 5235 5204 386 1084 1306 
21 455 138 6000 7967 7911 6589 834 2439 6206 3985 8922 3366 3637 6289 9388 5029 167 9367 2740 1342 5095 
26 8059 6205 8256 6942 7474 7714 9901 4513 8118 7216 3070 4458 2467 1132 1829 955 1063 3428 8426 690 6998 6480 4155 1929 285 9480 
27 9467 6061 8209 5348 9439 8583 9508 125 2239 6780 3461 8883 2666 2972 2962 2723 6733 9116 7737 1804 1725 8638 2563 3264 5830 6969 1962 
24 5022 8537 8512 6182 743 998 8956 5990 9127 2082 5778 3261 4694 9698 4922 6007 4695 5890 6920 2330 79 284 7259 5623 
21 782 9379 8196 7083 9458 8708 2370 5361 9661 5025 8174 9109 9175 8162 2755 627 8877 6184 9308 919 1422 
25 4999 1752 5576 5672 6232 429 2085 1601 8585 5057 137 9075 390 681 4607 1910 2142 598 3262 6312 4194 1210 8210 2873 9670 
26 2752 7188 7513 2584 8646 9493 9770 5621 8020 6374 6974 8818 9209 472 7313 9221 319 1437 6556 5798 5372 956 2830 5648 7098 9964 
17 6351 9960 8769 4397 997 1419 5662 4477 4514 3257 1951 233 6069 2488 5225 187 3777 
25 8564 3404 7173 9646 1016 7339 2137 2826 136 5609 7662 7564 6103 2990 9658 9691 6750 7902 4815 6033 7322 2286 9195 7480 4516 
26 3803 769 4895 8524 4161 6315 1985 1620 6811 2612 1127 4886 1651 904 168 5043 7079 8400 3679 5880 6873 6246 556 6301 1690 7277 
22 2468 4468 4586 2924 2914 8452 3398 5121 5094 5117 447 7771 9652 655 1211 7599 1201 8777 63 2890 1006 8450 
25 9389 692 9939 1412 1680 7700 4309 3453 2548 6651 4928 2565 9286 5233 7300 1624 483 8617 8055 5099 5458 91 431 3581 6142 
24 5748 8199 8036 617 8893 7434 8129 9104 9276 1056 39 6806 819 3999 8221 2676 6110 4776 2592 178 2032 2571 9898 5989 
22 516 5560 2463 9284 9057 7152 2417 809 8213 8577 6608 1769 8156 1013 1986 3706 6788 7802 2904 4552 7841 2977 
22 925 9514 1854 4376 9160 6355 6628 6336 4973 9852 3073 3754 4429 1506 6862 7717 1676 4780 8052 316 321 8779 
26 7299 9424 202 5222 5926 8351 1248 7278 5938 5472 5050 4430 8229 3176 9263 5663 9706 3248 4101 7481 7036 3873 5010 5294 2697 5655 
23 3243 5600 8823 6088 8707 1331 1364 5418 449 1614 9855 3008 893 9009 4830 6262 1259 274 1669 7004 9683 8718 4545 
18 5414 8505 7051 3100 8543 7092 9232 394 3510 2753 4889 794 2751 7995 8329 6195 172 9499 
24 4481 3753 2761 1256 5775 1012 7179 9463 2674 6642 5686 6172 6522 6116 6426 5889 6488 5790 4315 1815 2624 6847 5249 1410 
23 8531 3424 1526 194 1434 6958 2349 8874 2842 4764 9866 9743 1332 6076 1932 6595 5528 6681 399 6617 5319 5667 199 
27 7642 2604 8986 9730 4711 3885 7525 932 3120 5031 6843 4332 4147 2748 5541 2205 3076 8085 6045 5529 3780 4756 475 451 765 7018 6766 
23 1663 1531 3210 5740 4861 6550 7795 9452 4055 1699 1305 9897 5199 7845 5285 8445 6637 9466 624 5166 4165 2039 1915 
23 4860 4559 3044 5696 3653 4016 6742 8931 4040 5992 4785 4862 7959 8278 5456 3059 3410 2686 8586 1110 9916 7817 1205 
21 2474 366 2835 1865 1097 7816 4569 5185 2943 6297 8161 66 9535 4255 4682 1112 7128 2325 1722 720 9974 
23 4677 266 7323 3962 9552 2531 1650 8165 4897 728 7696 9415 3620 5145 2264 2037 5411 5359 9065 7387 3662 8169 1086 
23 9190 9222 254 2014 3847 3800 209 3134 8030 7924 4626 762 2640 1696 8164 6177 9611 4975 7229 3590 4845 5412 9689 
21 3493 5967 2822 6038 2102 1209 2072 8723 5482 3035 3501 7210 6288 8362 6009 339 6012 1574 4249 3123 4286 
20 880 2974 1734 1363 1568 4230 7535 619 4965 7752 1087 6815 1744 2878 5678 9537 8793 6050 9094 360 
22 3033 4634 511 6173 6084 4923 9025 6666 8109 365 3280 9752 4728 1923 9830 7614 945 9400 8534 4278 4789 1519 
21 2768 5378 4080 7113 8218 5945 6892 9486 8739 3241 3543 3994 3258 1257 5428 5769 2653 8344 6126 2251 7688 
26 2344 1089 1449 7590 8236 1534 8477 6889 1494 3792 3858 8392 1520 4021 5074 9299 3319 9070 8157 1945 4085 924 2671 2915 3254 9354 
19 5693 9506 9154 7473 9637 8113 5879 5364 5449 7318 8528 3875 1803 1266 6507 6130 1070 8716 4252 
21 2783 4179 5064 7232 6284 2485 2042 787 1077 7407 8746 6962 4432 1024 9205 2238 2460 7125 3325 5546 7435 
21 8796 9532 4089 2498 6621 4204 7588 4220 3726 3652 4201 9741 1879 8760 1486 2001 3057 4108 7430 1845 7169 
25 3912 4974 2044 8378 5911 1490 1157 213 6838 8790 1148 5276 2967 9893 8935 8548 7534 811 1946 3881 2659 4592 6965 3031 9314 
23 9448 1051 1657 1912 4272 9875 5402 9347 5162 418 9717 969 4384 9202 8374 1420 2850 3733 895 4902 8432 8892 8487 
23 7268 4099 2595 4192 5572 5052 4107 9337 5495 4560 1008 6775 9146 4642 7874 1646 5974 7826 7148 5596 4377 3393 1950 
26 784 5785 4086 4754 775 8224 5925 57 160 7823 7140 1215 8499 2086 8580 6865 7116 1911 5688 3440 5773 3789 9641 7356 7074 5582 
19 6992 528 6394 8094 4995 2438 9642 3016 8381 1756 5840 2318 2828 3053 82 4644 2623 8750 1805 
21 7048 354 5909 5613 3032 2030 777 9183 9016 1060 5176 3908 5430 7372 3928 2774 2204 555 7492 5051 6251 
25 7187 7566 2179 4266 4627 8903 6620 5440 726 112 8980 9617 8806 6938 7603 2328 8753 9630 6917 5338 7034 8320 922 7796 1870 
19 1227 7120 5859 6366 4324 1988 2529 3232 947 1953 4735 7893 6773 7862 7470 116 9662 630 1758 
24 9900 3798 8627 9932 1557 6435 5764 918 6418 7130 7261 1093 3332 7115 9666 5433 4993 8858 1858 4724 8881 3517 6420 1967 
25 56 7576 6948 7100 2466 7861 8690 1852 4532 5303 3154 8434 4664 1800 4245 4215 9911 9223 2163 8081 9425 4447 6730 7746 3535 
22 9475 2997 5322 8857 4092 6113 6877 6419 2798 5701 3205 232 6549 417 6263 7791 4884 2158 5876 7424 456 359 
22 7380 504 4043 9097 105 6535 2507 7905 7875 5996 8895 7222 2800 4579 5690 9547 4540 2235 5451 6853 6436 9633 
29 7833 3473 1288 4650 7857 6747 7174 4396 8655 7273 8384 7418 2780 3948 4798 1343 2108 6839 1039 7382 9612 5534 1616 7781 703 9614 9022 7455 260 
26 1389 8713 6108 2224 4666 3062 3556 1362 6338 9727 4911 7568 2596 7145 718 3531 5270 9957 1659 5363 9476 7510 9003 4427 6810 2388 
23 9397 7740 8659 9178 3168 4865 5353 5271 7379 2196 3459 6675 3506 3569 2183 7715 8005 3860 899 7677 4533 7021 4153 
21 4709 9733 8938 8354 8142 5641 6465 3772 8414 1949 2393 9115 9845 1819 1851 7285 2358 9084 4919 4391 3378 
21 7064 4685 2696 4311 1712 6728 6955 814 6236 4508 3901 929 1974 78 181 5832 2320 789 6339 2259 3915 
22 2455 754 6477 2888 9136 5343 9008 2104 4549 6102 4302 5799 2705 8411 6832 7908 7438 4732 3857 4404 4339 3955 
26 885 7334 9995 7822 9481 206 3359 4032 2636 2655 1281 1995 2841 1380 7207 4073 1141 7343 3107 6783 267 9431 1931 154 4437 5084 
24 2272 7489 6475 5984 4464 8271 3122 9713 910 6127 4526 4630 7246 5718 4457 2553 5695 5958 6317 4129 4236 9107 2557 405 
25 4474 5259 2928 7593 6309 6713 7697 4819 3586 212 6977 8151 111 1025 495 5188 2475 5952 7997 2741 7462 1499 3697 1514 3665 
22 6539 4931 4274 888 7512 7982 3049 7501 9212 7925 3019 6765 9977 2588 8216 5656 5664 7692 5709 2094 1510 7595 
20 2650 927 9412 3445 4402 457 9320 9521 5934 2522 1071 6860 5714 3113 1681 3689 5861 230 1134 3949 
21 4847 6016 1177 660 5781 3968 3029 9754 3098 9669 2377 7185 3437 4758 5465 7622 4983 6946 7341 4492 5846 
23 4498 9038 9421 7860 459 7450 3456 8876 5957 201 5037 621 7496 3097 9328 8587 3826 2315 2484 562 2908 2590 7934 
25 4191 1786 4133 1527 5177 5487 3851 9387 1279 9422 4872 8536 1837 9722 8783 5109 7257 4629 7866 6292 8575 4259 8864 9213 3072 
23 2568 9455 9766 2424 1521 8205 3450 3534 8072 6400 8082 4760 357 4229 8399 9380 6754 3632 8332 141 8992 8950 572 
28 5771 3482 9313 4555 1760 7508 2661 9536 6898 6201 4992 8132 7617 2170 328 3414 7554 5273 2868 227 5068 1930 7007 9560 5194 8694 7890 9484 
23 7762 7517 3694 4047 6423 4250 971 8509 2566 1685 5643 5448 6322 4833 4605 2192 6492 9533 4212 480 9005 7813 148 
23 94 115 3821 659 8843 7943 1794 1383 2546 7954 6379 3574 937 3327 6712 5723 4293 3383 9335 1811 8133 3566 4926 
23 3460 2931 65 9206 8614 1393 2966 9430 7768 1298 3918 5872 3536 2326 4331 7134 5940 349 7377 6646 6741 6809 3892 
26 3148 4696 941 5783 6036 4661 9248 1350 4964 7038 5450 9906 6863 4114 1883 292 6294 414 3997 9017 7611 578 8551 8465 1267 6272 
24 9707 4575 5677 1544 1421 1171 118 5417 1658 5356 8667 8926 7282 6514 9983 1548 3913 8896 6049 4749 7583 9200 2677 5247 
25 3439 3568 6921 2700 7205 6342 1697 6058 4958 9260 2371 2843 1351 5143 8352 845 3268 1737 2397 8604 8025 295 6023 4059 2784 
22 5833 8417 2080 2216 8941 1705 2515 4314 1839 5971 6927 561 183 1748 3163 120 7745 3302 4273 4848 7084 5393 
24 9324 2690 4110 8574 2093 7292 1938 7709 1349 9033 7081 8668 6273 2799 408 5129 2921 5547 1189 6393 6278 6051 4678 7560 
23 2217 4394 546 5998 841 5146 2586 6454 2215 7810 2906 1372 7089 6484 5731 6836 535 861 7650 1155 7237 2577 866 
23 4140 5795 864 9358 9395 6963 2253 7992 9441 625 4395 4407 3307 3446 8035 1455 2338 891 9780 4010 9884 1868 9844 
24 244 5461 3050 8182 1055 8745 7366 7763 8925 2100 7234 9794 7254 6967 3843 6601 7514 4536 6318 3236 9543 8621 6947 6343 
24 4613 8552 4562 6496 7563 6683 3947 4461 4609 2543 4344 731 903 8943 6044 7469 6970 1225 3684 4422 6121 9042 1741 8141 
20 5452 96 8245 1881 4671 3046 909 3919 3217 6150 1592 469 548 7527 567 708 3680 2643 6778 2634 
22 6191 9904 6571 5200 8625 9768 2352 4503 8263 2378 9305 293 7112 5910 3011 11 755 6482 92 3779 5217 9396 
24 9859 2421 737 6446 4561 6574 3448 7353 2503 8932 1243 5939 4747 706 3644 9526 7243 5442 2148 2699 4379 8412 2607 2000 
25 540 3497 3392 4883 2509 2186 9069 4914 1338 2649 7918 4874 7837 8686 8449 4960 792 2045 5243 8470 7070 1158 5013 4348 1979 
23 9495 8273 9978 3315 8347 6091 4134 3356 3151 1322 1181 6656 336 8262 5694 5123 3606 236 8866 5923 5668 8027 7899 
22 3922 6078 5475 4577 9654 6674 3153 7878 5445 2794 2270 6458 7891 7633 3956 8289 3533 1188 851 1477 3183 592 
23 696 128 8592 4491 2647 1679 8887 9776 380 9502 5055 9254 2167 5263 9668 1416 478 4951 6221 9230 4547 8494 7307 
23 5360 8532 2487 2728 3063 9073 9177 4343 6573 7445 9089 6140 5250 8249 7224 4873 2441 9922 2035 7337 8443 7626 9603 
23 4961 7117 7679 4209 4069 5385 7539 2252 6634 6096 7521 9711 6729 824 6348 5454 2245 6083 1325 3487 5288 9976 5699 
23 8762 19 4800 3604 1277 5729 9130 9091 2295 7950 6706 1509 9594 7 3430 2110 8066 9364 8598 8166 2773 5978 5854 
22 442 5241 1265 5501 3305 4113 3686 1530 7054 3722 5275 3549 7983 5040 4453 5986 317 6547 5367 3888 750 8641 
19 7279 3234 3768 7722 9726 4670 2656 6711 318 8398 496 7399 5512 6181 658 4048 6175 8517 3636 
21 7150 657 1396 953 9996 8620 8920 8518 1942 2847 3933 8207 4035 591 6701 4166 9777 6631 5976 8247 3903 
23 8283 7721 3725 9224 2804 7077 898 1575 5962 3384 7749 8787 5567 8677 3041 2724 7668 4710 1365 5212 1059 1771 6478 
26 1869 2060 3422 2603 988 1296 8973 1493 4216 1714 9362 1517 3267 3848 9935 7215 1398 710 5687 8318 8500 4553 8134 5279 6438 171 
20 8815 2197 2459 2372 9804 4388 8853 127 5557 1611 6302 3976 4755 6694 2211 7151 5404 2518 2622 685 
23 5355 4378 5592 2290 3204 3735 2743 1772 7354 7349 3607 7304 9129 6678 27 6026 5407 8219 9778 381 1835 802 2520 
22 5267 9368 1285 10 7168 3064 8993 5972 473 5298 9478 5796 374 2495 3822 9787 9405 1441 3973 3651 6768 7702 
22 2195 675 2504 6395 2651 3521 7649 436 767 1176 9565 8104 8933 4330 6099 1872 5300 6856 3841 3960 2249 3143 
25 8579 3190 2909 2816 9270 8322 1411 7228 7698 481 2982 5660 8960 1429 638 3067 5193 7550 9820 6264 479 325 1367 8028 3671 
26 579 1475 8360 826 5801 3171 164 7143 5543 3013 4681 3666 989 1072 8456 6822 46 6330 3329 3627 5595 7814 6708 1337 4213 1639 
22 6079 6737 5426 9391 4692 6413 9785 2811 2786 7030 6269 3597 965 3825 776 5421 3119 8810 6481 2064 6332 9846 
21 4159 576 5845 5828 4619 5072 4413 358 2399 7155 5647 9443 6021 7895 2609 4065 3629 2199 1885 8277 3740 
25 2871 6896 3240 2324 7830 2544 4310 1169 6505 6996 3128 2958 6237 1782 8117 8197 6004 9950 8854 8544 207 6872 1327 1723 2760 
23 6655 1564 9435 4024 9529 7262 5292 9833 2223 5427 2858 892 4769 4218 5286 3429 5041 6782 1939 3766 1867 9345 9592 
23 5299 3003 4683 435 1704 1570 1944 5606 5460 4985 2580 3084 4306 8323 3340 1111 8697 6345 2355 4566 2075 6030 3639 
25 307 4119 5337 1199 6978 7988 5183 7625 7085 2436 9014 9955 1505 2787 9393 1787 9447 4966 7253 6534 632 5471 514 3625 1916 
24 1961 4828 6784 134 8316 8700 7738 7785 9246 6529 2694 6197 7935 8899 6919 6117 6107 3943 4691 4299 4595 9680 4739 5618 
21 4482 3251 8763 1569 2335 5931 9735 352 7414 8099 6508 1436 5568 1413 4424 7945 1618 4401 9541 1213 6670 
24 5987 4806 9196 9006 2772 2254 5489 4367 5244 2181 3867 8137 2198 7729 7912 5681 7727 948 9292 2892 5053 9166 4090 6462 
22 1838 2776 2710 9688 2862 5721 1195 9303 6983 2877 881 1439 404 5510 1688 2867 8875 6449 4131 8547 9318 3065 
22 281 4198 3770 5963 5536 2627 8057 3158 2706 6114 4335 9046 8657 114 8653 768 5023 2638 7281 3728 4916 7369 
22 7690 5794 3089 3889 5283 8549 4076 7639 4109 9577 5550 2321 4176 7885 833 1407 3490 4652 616 9998 2366 2119 
20 2670 2968 2818 340 6740 3079 2883 2256 7579 6647 1387 512 5810 6667 1043 8358 6885 9013 2337 9749 
25 4444 2307 4509 5525 3612 4792 7311 695 1672 4037 6356 6443 9148 4125 4281 5358 9720 1461 8496 9907 3721 1768 8093 7062 6189 
24 9850 2880 8594 2897 9773 808 7732 3674 542 7686 5754 4239 2960 4087 644 166 1644 1386 7711 1142 5157 6760 6122 4023 
22 1446 4518 5155 3528 5722 5593 50 8299 9050 8837 7869 2952 5640 4803 3966 1675 3042 513 8189 4723 3227 9715 
27 4885 9892 3546 6792 9282 191 7217 7848 2043 9199 914 678 4137 1048 5061 5232 4054 8816 272 6542 9023 8709 5921 2865 2033 3394 2727 
21 4079 5892 7607 7681 5154 3808 9350 294 2744 4226 9142 8325 5257 5245 18 7663 6878 7503 6722 3619 5519 
24 3105 7361 6800 9847 8364 1948 1810 4734 7619 6399 8233 5269 3024 8558 6625 1668 9341 298 7400 5443 6532 6888 1628 1172 
22 9092 778 5607 4814 4333 3292 1588 4702 2153 259 4515 7565 1767 5629 6095 1503 342 73 1273 6340 3338 9822 
23 6933 3094 5054 434 2537 544 9623 8740 6470 756 549 7901 7488 7201 6485 1613 8830 7331 3961 7969 8765 2558 2918 
18 8706 5007 6563 9311 4265 3115 5625 7825 1637 8867 902 6457 5332 7748 6691 1732 2435 2497 
21 8152 3138 3222 7053 3058 5628 3069 9870 8829 3485 3304 4290 9719 7176 1447 4816 5328 4291 4450 6209 1693 
23 2159 8696 6260 9836 2048 3403 7646 7917 9333 3583 4801 4078 9599 3921 7293 6035 7258 2516 603 2129 6904 1474 7963 
22 3954 1727 1913 8015 5704 2556 220 8897 6558 6502 3791 8144 8792 5689 4608 121 9838 2098 1150 7808 6918 2821 
25 8629 4123 1414 9297 4790 1064 9106 4487 7770 8208 6149 2052 7158 6732 3769 2134 6077 6922 4979 2526 954 1813 1629 2754 8976 
24 4289 7186 5712 6526 1678 6080 4393 6519 7530 1894 9440 8054 4260 8770 5912 7764 5396 3877 1314 2339 5180 9874 5386 3584 
24 9145 9834 9546 5594 7803 9567 7867 8138 7386 9605 2201 2614 3256 6452 6244 5768 7265 8714 7812 5039 4449 1335 5856 7986 
23 6785 144 1757 5654 1790 4124 8114 6723 3711 930 8542 8148 3750 7256 9928 9152 9122 4611 3712 9280 2063 2995 6536 
22 2213 5339 3048 1692 6699 1934 7239 2242 702 8795 1677 5089 5626 8685 5953 8724 7552 8958 5118 3108 6956 6662 
18 8758 7338 5752 7865 671 2976 2517 6060 5001 7772 8361 6553 238 4242 5092 973 133 8153 
23 1253 6660 8237 2989 7831 8365 2936 1268 736 95 49 5214 9784 7606 1 1294 7133 7041 6805 5995 8086 312 4969 
16 2236 1903 6854 2025 1472 9322 9449 1092 7409 9673 4007 8275 3226 2807 1921 7520 
23 7086 225 6257 7104 2051 9074 4869 3413 9392 3249 8239 7037 5741 7452 90 9428 831 3427 3983 8279 2493 169 9174 
22 883 4014 7057 5698 2291 2599 1019 3939 9002 8285 9956 9410 9953 9596 7429 2793 8997 5823 4480 1317 3361 3259 
24 7132 9813 3541 8154 7390 9096 9702 7368 9516 8359 5516 2150 7427 5056 2770 5239 1417 7667 858 2206 9975 6139 1841 938 
24 6923 2652 9420 8039 1500 395 2512 4499 9613 4542 6324 1394 8630 1826 8701 2292 7904 901 7022 3661 6688 1099 9793 4530 
23 1100 9352 5234 5927 1886 7046 361 5750 5227 4778 3419 9639 7288 9416 9293 4864 5766 3898 3929 9659 7381 9869 3468 
24 2419 6735 8597 8593 5290 3628 151 3489 7202 7687 7974 8001 1562 2442 8388 9157 3416 1191 407 3434 5082 967 5308 4102 
22 430 9968 4891 7964 7557 4287 3344 196 5106 7014 6164 8476 5566 7863 4145 416 2527 7509 5218 5317 5792 7994 
21 705 6504 9027 4832 9285 7871 4358 640 859 5505 3156 2680 2161 4064 9656 70 4836 8776 123 5710 9736 
23 6248 5936 1173 9302 1315 9942 8898 1303 2875 4942 6125 6063 7647 2367 3746 7685 2975 5943 6380 1733 8735 968 564 
25 1700 1241 5252 5312 8715 8254 3658 7920 4000 4190 7287 8522 5814 9 7272 1438 1857 7636 5070 6442 1686 6698 2645 8545 4374 
26 3399 5591 3017 1759 4497 9066 477 8044 714 7080 7449 9681 8483 4929 1698 7378 8541 897 8198 3443 5522 7231 2737 3300 40 4334 
21 643 9880 8475 9413 9931 341 3500 6607 4340 3477 9307 779 7670 6128 4937 8188 7797 4946 3036 722 2734 
18 2193 350 2766 4593 6721 6797 526 9624 8889 4180 4248 3778 2016 3355 1269 6710 5313 1576 
24 6886 5815 1559 5804 2738 8108 9080 1104 162 3467 8409 1827 9753 4529 8046 193 2234 8468 5818 2280 6756 7620 9575 3978 
25 1537 949 6714 8808 5395 4759 9823 9236 8312 2070 3276 3512 1222 8183 7096 363 6770 9167 9112 8269 7060 7320 5635 7402 41 
23 5446 5253 2266 8554 4837 3132 1571 9479 5419 538 4938 7601 3601 7163 5789 4227 7087 5409 7415 1543 529 5140 9228 
24 8230 4907 7495 331 2957 9029 853 6676 2255 2135 6283 7532 4824 6286 7111 9051 7374 7102 6652 1203 2299 5590 5685 2947 
26 2854 9557 9676 1707 4859 8116 1476 6306 3732 6590 7654 1784 2276 7443 7991 8519 6798 1101 2673 8382 5809 1630 2123 972 165 1347 
21 1818 7733 3364 5310 7221 4072 5342 3022 269 1762 3834 2949 8610 1251 7938 745 1891 104 1244 1320 8123 
21 3553 6953 3087 1263 9710 7955 3095 3641 7375 1689 6495 8927 7597 7787 355 6932 5405 936 7126 7968 8029 
24 1595 1590 8731 6092 7818 1240 8692 7567 5230 7659 4493 3701 3613 2824 4784 8286 4111 8602 3989 3815 6027 7213 9692 6258 
21 1969 5463 3435 982 6864 4081 8024 3509 4012 5169 1122 6341 6842 836 5490 5149 1170 9943 7985 3250 707 
23 9665 5644 2149 601 3137 2478 1271 7927 8484 3993 6781 790 5949 3759 6460 6254 3982 2079 9000 3407 1131 1226 8721 
25 7088 5848 278 8042 4360 9643 2704 8556 6304 458 3401 2996 9079 9123 8652 5608 1065 9815 9994 3223 8405 7035 4615 639 2353 
25 3563 2994 6891 8300 4403 5192 3707 6598 7419 4312 6989 6749 8774 1797 8090 5081 5390 5093 8741 5624 8251 9264 3782 2047 926 
23 422 8460 7138 8921 4136 1584 9158 1334 6146 1645 3333 4013 2534 1107 9572 3801 8800 9912 7190 1090 3206 8588 3379 
21 6793 7916 2695 4364 2946 2248 5756 5174 1045 7786 8915 9214 3897 5727 8423 6934 8817 2111 156 9709 3455 
23 3165 1822 108 2246 6071 239 1711 6697 8009 5549 4318 4206 2501 8078 2304 1625 1878 8331 791 9511 847 4827 2917 
22 185 3245 6575 9058 688 5807 5719 8733 7467 9647 4858 1234 6323 5301 432 964 839 9525 1635 9987 2722 8214 
21 6786 3642 1792 4262 817 4574 3027 2046 7777 9531 1898 2691 454 9179 733 8988 545 5133 7052 5179 252 
23 9176 7028 228 6669 3524 4118 4409 6402 9797 1515 5544 7012 9326 8472 7195 4590 7177 2846 3570 2910 5896 6552 7555 
16 7774 667 4717 870 8726 7091 3916 1971 8238 7886 4757 2944 5853 7252 8508 4088 
25 721 5491 1034 9919 2257 7864 2156 1368 6799 7412 7184 9217 4871 8490 5329 2494 5555 5652 3513 9135 2395 6984 6718 1606 3645 
24 739 6280 1560 6445 6538 9386 4534 4441 7306 8264 3799 6239 1615 2281 5638 5251 9988 8337 8970 4279 912 3014 6848 322 
23 9551 1336 3906 7629 5857 4659 6769 8308 6432 9812 3351 214 5597 5839 3816 3869 470 8969 4095 122 3849 8996 4610 
24 2331 5354 9574 2341 9792 9878 8772 7466 7652 2023 874 8901 2452 9231 7009 6490 8451 4071 4326 7726 6170 1608 8037 2731 
25 2449 2296 8127 8480 6275 9674 2406 7750 7615 2711 6406 1116 188 9625 1402 6346 8413 6427 5708 2778 8403 5646 9890 9188 314 
26 7406 9619 6828 62 3458 2036 7175 8380 1249 1941 1050 3648 1369 8533 2973 4282 1428 5800 1840 1275 9798 5855 3737 9729 6700 3051 
21 8489 2836 959 3374 9402 4470 1307 9272 4425 4488 147 3038 9317 5870 2074 7788 3175 5867 7404 9858 6925 
24 3835 2886 4475 7710 142 4031 4850 215 1774 1464 4173 7286 8600 2277 3229 9235 5784 5004 3130 951 1297 9981 772 2118 
21 383 8338 871 3353 439 2521 9620 812 7493 1496 249 356 7294 6303 8908 9811 4866 9099 4877 9915 3216 
26 2077 146 8168 6213 1465 6464 3931 3621 586 3274 8513 9721 7713 1153 9791 3959 8335 5289 8021 4743 7666 9589 2945 3052 2233 5124 
24 6268 1162 9159 5930 3660 8149 7829 6576 159 9460 7553 7570 3749 7413 5135 8321 2732 7490 8180 6802 1282 3616 7776 7255 
23 6048 7351 5347 7182 5172 1952 587 3762 7396 9384 4802 974 3538 6425 8462 415 1895 6987 713 382 7317 9991 8106 
24 557 1710 3603 4585 2141 993 852 1605 3797 7476 2756 6295 5432 9969 8441 7980 9517 4654 6331 9828 1081 6884 8907 8615 
19 1470 752 7719 2096 2369 816 211 6513 9593 5438 1627 9210 5779 409 2685 2589 7820 4091 2005 
25 176 4797 1011 491 7928 9556 1873 2688 5724 1318 9854 6041 9150 4524 9545 97 1236 3511 2610 5715 5574 5352 2992 8981 9877 
20 3853 3441 1720 676 3998 9967 5730 3806 348 2965 9985 3181 1128 6134 6104 3899 3575 2250 3829 4799 
22 6313 4421 9538 7674 2902 3365 5743 6630 1736 5127 3907 6596 1708 7136 1180 2749 5944 7612 270 9586 629 4791 
23 5206 1832 3169 4582 497 5213 3253 6408 878 8849 4773 6411 2708 6101 59 7058 4624 461 1125 738 4002 8304 4976 
23 1793 4163 1058 1991 2390 6358 2848 2742 5408 9398 1643 4093 8349 221 8419 8918 9082 9325 2852 2663 4996 7371 9598 
22 3842 99 2145 9419 6687 1373 7309 7609 1674 684 2618 3211 8305 992 3953 6472 5032 7156 2809 4157 7580 7448 
23 3562 2247 6581 3077 1665 5047 6333 1694 3112 9786 2115 4462 3719 5532 7446 3784 9406 2279 3659 4342 8645 4918 4356 
22 8624 337 4126 3830 1508 5344 6271 5941 5483 7836 462 991 7989 2434 7898 1754 5554 4641 9971 3294 7454 7327 
26 8504 2540 8529 5993 8909 4456 2644 6654 6152 1029 275 7024 6693 426 9690 5602 4693 4246 3946 9590 515 1469 5388 5075 21 2447 
24 1094 9203 8560 4583 9165 7507 3884 5468 4154 8155 990 2779 4296 2219 5877 4977 4460 4415 5201 3527 6218 424 1328 4663 
23 530 5467 4350 4804 5571 8339 4146 2078 6461 6119 4673 889 6567 2243 8861 4041 3167 7718 4614 7725 5542 1565 5632 
24 8212 984 501 8049 7498 999 5906 9879 1495 1450 1579 6186 2194 4050 4730 4699 1943 8292 9211 3118 7472 5369 8075 5659 
20 3992 8963 5439 2942 3101 8812 1096 4304 7882 2492 5819 8978 5493 1604 5096 8940 5808 5087 6908 7003 
19 6913 9980 2630 8041 5139 7847 2692 5739 7537 2368 5707 335 4303 4189 7017 3346 7248 2851 3547 
21 6831 5331 3544 2024 4122 7585 1594 379 7388 3745 3972 5745 3323 4933 7165 83 4740 6082 9737 6242 6777 
25 1656 3579 760 7915 5523 86 3756 9695 5189 4019 1200 8242 7842 2508 5287 2132 5884 3909 279 2991 5311 3196 6097 9568 3185 
26 9125 9168 8074 1558 32 4009 1370 2178 2808 1166 9012 8919 327 6179 825 6993 9437 3152 4690 256 5238 5713 6807 2938 9835 1161 
20 6407 9039 3417 6062 915 571 8421 3311 2985 2639 3283 4649 1801 1384 1876 9281 7672 1196 2343 6846 
23 5671 7798 9370 6880 7894 1906 2870 6924 6290 1218 6350 758 8195 9433 2803 1523 8107 1220 6658 9383 9289 5102 98 
16 2131 1860 467 7571 7421 666 9077 3776 6329 6037 6148 2721 4423 5048 2055 2200 
24 4030 406 4103 3840 7853 3744 3418 7907 1458 4061 1138 8961 1871 1352 8809 5383 4910 1360 6622 5895 3518 4285 9490 4234 
22 9873 1482 2845 3007 4084 490 3545 4680 8576 3657 1834 9671 6161 2684 950 700 9234 2932 9184 9114 344 749 
25 8640 8002 4700 1001 3201 1908 8390 2514 1796 376 4038 8370 552 4203 1079 3832 7460 2069 2456 9394 4744 6219 6223 1390 5929 
18 2687 4207 9373 7355 8010 4408 7648 8838 4978 6381 4930 2002 1701 7973 5894 8301 9949 6557 
23 8425 6065 3047 2587 2164 1433 5484 7161 9185 4927 691 4854 7953 849 4708 6859 5946 5246 2440 3771 8820 4208 9918 
