29 7020 7411 6418 3422 4631 1053 6921 5604 8230 7497 45 1062 4231 4839 3336 809 1816 4393 4816 1832 322 3825 7242 4389 5280 8196 2421 3427 8476 
30 580 1633 4767 9509 9071 6419 5983 6613 2237 6428 839 5025 5222 4290 6486 3263 1289 9082 1549 130 8701 5283 2117 5351 9778 1663 3297 2685 4109 8614 
32 6544 4310 4531 9328 3615 2658 5491 6715 9475 8641 1085 1461 7338 7025 8327 3282 6537 4047 553 6849 3419 2644 2537 1086 7904 7021 7902 6498 8168 6876 1233 5714 
28 1656 4139 7724 4476 5446 9787 1797 7377 156 9181 4866 8734 5061 2648 7823 6903 1142 9812 9549 6662 4547 1657 6784 9665 5532 9585 2516 7884 
29 3061 8267 3570 7650 4260 8678 8962 7143 8303 9615 2097 67 4467 1740 1227 1340 8047 5650 3677 4700 5387 9084 7366 6015 9464 3998 3307 2485 7066 
33 5109 8408 5619 414 8041 9645 5441 8966 2997 5638 6599 8653 5805 6776 9680 9927 8368 2399 6850 7446 6024 1833 902 8397 4756 9978 670 4952 6351 4734 7450 8142 262 
28 9032 1664 2450 41 8331 8111 1478 958 5589 5476 1075 1660 2285 1934 2700 1782 7152 7537 3391 2826 5909 8390 1047 2584 1011 6152 2236 1609 
30 4228 7221 7457 192 368 1484 2884 9770 840 7356 1362 2876 9640 3010 2995 6254 943 7835 7915 377 6407 9530 9595 2543 4770 4774 8257 9366 5562 4428 
28 5710 7748 7994 719 8181 4967 1424 61 9777 5063 6859 3777 6773 5826 7326 2341 8225 3251 4008 5779 2872 1947 6375 6894 9693 8763 3835 2572 
29 1453 9841 9146 6070 8457 2191 4681 1304 3312 7353 300 7443 4578 8444 1750 6376 566 3995 9191 2057 1348 6854 2620 8663 252 6606 9423 7658 2396 
31 2157 8586 9655 6582 2177 6221 8149 8540 5343 7642 9826 6558 797 637 7126 9907 8371 4798 6384 6061 2839 1876 3078 8969 985 438 5776 8164 7138 2816 5772 
30 870 8141 7335 4395 3708 2704 7462 9144 328 6226 9141 3919 6275 6634 4488 1370 4281 2024 7714 6029 6038 3293 3778 8855 3520 9269 6783 4838 4036 29 
27 5872 5138 4244 6928 2753 2643 6685 3305 9974 9362 9353 1595 5673 8841 3144 4860 4102 2576 1767 1413 2134 3016 6844 1984 83 1546 5285 
28 132 1891 6561 1744 947 1772 1998 6119 9764 1123 2488 8694 3861 36 3955 4376 9138 774 6159 4808 2131 8067 7500 5745 7342 5735 1307 8598 
32 3043 6043 6355 4455 5150 2272 4543 6989 2352 9065 2561 5349 1918 7254 662 7758 2789 8503 7682 1943 1521 4891 8262 2493 1228 3198 4150 1416 6368 1626 7263 6576 
27 2599 1117 2968 7386 2517 1550 3726 7043 7056 7359 6820 4028 5765 9484 111 9941 7719 3175 2870 1625 9794 2152 9028 9243 8780 267 3352 
27 7344 6510 8992 9539 7063 4338 9153 7867 864 2600 971 5231 3194 2788 8683 883 327 3413 5609 7190 7772 3903 946 8908 4492 8823 1910 
29 6135 2184 1839 583 4595 8079 5685 7939 1132 4886 4258 1872 5233 4099 4553 1693 4403 1503 3399 2771 3636 4045 8601 5726 139 5232 2815 3478 2365 
26 681 3027 4858 9768 921 4802 1620 673 6249 9335 1559 5985 6127 182 1427 587 8737 9560 1115 7317 6922 7009 6668 5477 7875 6383 
29 9299 2264 7819 9985 2875 8263 7957 2749 6897 2003 4685 2199 9523 5738 3330 8662 4461 8365 8020 6115 7068 5577 3539 687 4370 9392 241 7829 2258 
30 4928 8588 685 5576 1384 3424 8241 9378 4498 7948 7341 3425 8353 7918 2329 4826 8033 2193 1495 593 7054 3508 2901 9414 2569 9182 1724 5518 8960 8176 
30 1835 8576 8105 6269 512 4576 3200 2654 3007 8155 4820 4969 4534 9751 2840 3991 9234 6834 3209 3553 1566 1147 7202 4434 5402 144 6138 4408 9495 3377 
28 7849 1081 5256 4976 4851 6175 5321 6578 9468 6341 3567 1814 4758 6150 8507 545 1925 1112 6898 6395 9396 1937 4204 6678 7129 6735 2807 2559 
30 9563 5683 2080 5286 4823 8497 2809 96 9916 5495 7509 8477 3750 1825 1121 6534 2717 837 9421 9848 1014 4251 3720 1049 5941 456 2764 8805 3093 454 
27 4934 3187 1737 7181 5166 5724 4064 2737 4843 9521 4463 1545 3868 1863 9935 2289 240 5888 9688 3974 3706 6964 7838 941 4856 3385 4930 
31 303 79 6066 1627 448 6781 197 3291 6494 5237 6944 7346 1247 3379 5664 4285 6958 2213 6222 2279 2853 5012 3428 1889 6454 819 3440 6973 5435 609 6338 
32 4388 5488 4368 2219 561 884 6474 2777 8320 9556 6174 3196 3862 5891 8126 8542 2231 2662 6461 6430 6267 3704 5883 1015 2077 427 6354 5508 1433 1741 5489 6237 
28 8607 2520 8862 14 9052 3785 8785 2813 352 8567 7274 6593 2119 6326 5362 3710 2270 5216 9229 7656 2752 5896 7659 2397 1829 4444 4523 8997 
26 2151 5780 3403 4520 3374 1624 1562 9858 3670 2714 928 9 5274 543 409 8521 7676 5538 5583 6990 9088 2942 3839 1560 6440 7215 
31 1231 6224 8174 7711 9434 3816 9946 762 9621 4146 2856 7153 3435 1285 2538 5433 2622 5020 7393 1356 8475 158 9781 7106 8676 5140 9106 4922 1771 2969 56 
29 3353 2938 5153 9043 5617 3106 6953 6232 8337 3249 284 7852 7430 5534 5335 5342 6279 5005 8256 6837 1074 5064 6100 7303 6200 3988 9394 4432 4468 
30 7864 5305 292 9103 8306 3089 1316 606 991 6925 3166 2036 6823 3492 4336 7696 6888 6518 7235 977 6570 5878 9048 7603 7355 3738 9617 499 5666 2251 
29 7299 1923 1504 6541 1727 4588 230 3360 1029 224 1939 5236 4507 2271 6525 3707 7630 5835 8171 9379 5946 9398 761 9962 6225 8472 1544 5742 2188 
27 1464 9456 1510 2362 2282 2972 7358 1552 707 8774 5814 7713 5482 8413 9798 5498 2489 7481 5707 7489 4291 3686 2068 5649 5148 2058 5557 
29 4046 938 1397 2499 6873 4412 3210 3011 1674 3146 1380 2991 9207 3831 7565 9057 9297 371 7103 5785 7002 5257 8161 3850 7693 9707 5345 988 9348 
31 8134 4742 6236 8087 8266 4633 8583 3079 5611 31 8177 6769 5957 1267 9446 6059 1980 9774 7204 9354 1945 586 4180 7013 246 1163 5668 5875 9760 2987 5976 
29 3036 8125 6708 4761 6751 6287 9807 3060 8968 3822 2398 8024 6075 429 3365 5958 4154 2038 8769 832 6163 6495 2181 4514 3260 6730 5855 5021 7389 
30 603 1248 3228 3655 5399 4668 7261 8835 4880 1866 7144 5684 1173 2920 3326 4678 1698 490 2526 2255 2698 5330 8018 3688 7938 9481 7333 3588 9180 5156 
29 2013 5922 7736 4749 4721 5870 3100 9220 8825 2130 6133 5815 8671 9465 7949 1512 738 5248 6265 5254 4518 1089 5341 9728 5125 3096 8283 1928 715 
32 1999 4392 5632 4530 3645 5938 6930 9402 4435 1695 1849 8965 7094 1161 4261 8496 4692 157 5326 243 8871 8114 1245 5460 1588 8907 916 9204 9600 8442 4198 8981 
28 8739 7528 5661 2418 9159 2837 9332 1957 2947 6144 6099 7228 5411 5647 4135 8950 7690 4478 27 9404 6452 2291 5676 3231 4814 4133 7478 8274 
31 8245 8 1032 4953 4607 394 3771 6984 4000 1506 6530 2603 8112 2711 98 1590 7171 8250 9875 3339 3573 9497 3168 2046 2347 2793 1452 2945 8928 480 7996 
28 6645 1677 6271 9965 8198 5963 6310 4105 4617 1790 6042 4282 2085 3180 7793 3304 9119 2483 8909 6547 6965 1407 8794 2200 897 3501 493 6242 
31 6111 25 569 6404 2804 2900 657 1618 2392 1396 5396 8550 3854 4331 4511 3624 5555 458 3288 4386 1990 918 238 4017 3832 3852 9738 5751 2564 536 7419 
29 842 2017 3627 1025 4948 5174 4672 5789 9664 4055 5214 3219 745 2198 3050 6996 5447 6185 7857 7426 7057 8265 4944 206 5235 2999 3142 5951 3354 
31 1093 7961 16 7075 2792 1124 9005 721 6018 844 7797 4271 6969 4079 8679 1221 4188 9626 3523 5806 4908 5656 7567 3491 528 3024 9059 5578 7873 5939 1929 
29 2022 2699 7836 4699 364 6025 8046 7109 4904 2913 8772 6298 3803 7886 2012 2851 8915 8926 914 1647 2349 7192 5055 4298 4094 4754 590 5159 5560 
31 5622 8148 1776 4270 8121 5165 7272 8865 5678 9039 801 1347 4611 3621 9479 1317 8292 2977 5040 1165 7747 1603 9466 9037 956 5882 8505 6004 2107 4460 6777 
30 4854 9027 4143 3119 8286 7552 3821 1189 2765 249 4730 185 4012 2260 1859 9991 2204 6420 7424 8261 4719 669 6097 6907 1826 3915 829 3814 3932 8076 
27 8471 2220 3000 5550 6427 9090 5468 2709 8302 8539 619 7741 4747 7311 8666 425 8858 117 5540 1502 3866 4727 7989 9718 2084 7721 5511 
30 7610 7475 4809 7041 1133 9606 7119 5474 1717 2539 32 4397 3668 5084 7113 251 8307 9046 6210 7088 5563 5630 1758 2300 6917 186 5612 2404 951 402 
25 7993 5175 4427 8658 6252 4222 7903 1887 3003 8085 6013 2135 6296 6957 1344 2475 1976 6207 9512 8911 5600 4433 9049 5300 8978 
28 2027 3191 8169 906 357 6389 4545 7728 3044 8916 1141 9507 9558 7248 5188 9902 3547 8394 7548 5843 2091 3174 756 1901 4075 2273 5974 2006 
25 5999 891 1038 8064 2029 1803 7196 1031 7620 3697 9413 1199 1630 3682 4566 5935 6211 3673 299 2893 1860 5490 70 5717 3946 
30 8973 7674 2545 2992 1766 4349 2745 6852 4423 7698 7924 1924 3559 4042 1654 9154 7522 7986 4284 7174 5403 2845 2687 4430 4778 7189 2562 5892 4416 3207 
27 4286 8634 8220 3966 320 9432 3996 8189 7115 1420 8160 1119 5090 8982 7290 3177 5781 3653 1106 7568 2218 3463 2638 5145 6871 159 8269 
28 4119 5599 205 3439 7352 3599 64 7945 4537 9515 1006 2724 8517 3285 1394 9117 1621 9889 5775 3500 1445 9445 1181 9964 9836 2677 930 563 
30 2120 6507 690 3045 5086 5026 7834 4429 6502 9336 3041 6992 868 8212 3025 1604 8998 4210 591 8247 7029 7004 7330 7118 2630 9415 2140 665 3885 7258 
27 5184 8039 1378 5965 4667 1040 460 1391 4606 2805 3695 5010 7306 200 4504 9596 5809 8651 9024 571 7718 5960 5816 4947 5923 2180 9634 
30 6580 9301 8424 8364 6636 3786 1638 6712 9520 4352 7581 3997 2639 6806 8211 6586 8972 9185 6807 2222 530 1796 893 1292 9564 279 5094 6577 485 450 
26 7082 1107 2458 1761 4771 6233 831 9166 2930 6165 6462 2422 4407 7059 3592 1160 145 4274 1769 8042 3204 4824 9511 1731 7292 4295 
25 4855 9598 8488 8625 8007 8415 3289 2344 5384 2579 2148 2110 6132 820 9629 6626 7699 2661 3608 9208 7266 3632 8417 8322 6782 
31 8037 4345 8609 5881 1393 274 811 8931 4011 3509 1824 9892 3157 3130 9337 5312 979 5682 8866 1050 3554 7493 8048 3875 4497 1554 22 783 6829 3650 7943 
25 3696 1622 5363 607 8945 8276 457 3722 614 2822 636 929 3905 4608 2174 9376 7541 7479 9494 6590 8830 305 9733 5361 3316 
27 8581 1720 1616 3467 5966 181 732 5401 8016 6082 6555 6280 7277 2500 4704 9879 7899 3069 19 8610 5192 8964 9060 8305 4311 6648 8366 
27 3039 9080 8693 7775 959 6436 5262 9369 2974 287 2037 1170 1523 2982 7488 9886 5497 2327 9934 2692 753 2004 9499 9223 8852 7955 7689 
25 2948 2002 6596 2712 3112 5709 6559 7001 486 8151 4306 4815 1426 3746 2676 7402 1372 5713 5919 1689 7609 1837 9513 4943 5043 
28 7580 3711 9162 4456 4018 6732 9663 3593 8770 498 183 481 9757 4872 2532 8122 102 4524 2211 3923 6835 568 1893 4019 9884 5052 1748 4946 
25 6722 5304 2149 7504 8686 7777 8224 4691 8219 7288 4750 5336 7653 6400 9333 390 7831 1730 6967 3472 5226 7354 7757 8418 9200 
24 6521 627 4309 6336 153 4932 576 4981 4832 76 8708 3064 360 9370 1729 8314 2964 2649 4569 7124 4800 7751 7584 4634 
27 7667 9016 7908 5424 5035 4068 5584 9416 4589 6853 5457 2008 9579 7782 3452 1646 9661 6026 7779 2103 9471 3493 1799 9275 3167 4501 6701 
29 3973 7170 3271 1759 8629 731 5445 3731 6378 8094 9270 1617 8673 5857 4293 5001 6347 1855 9607 7890 3398 9168 7251 8065 5054 7962 978 7499 1338 
28 8934 3739 3939 8467 6670 2778 8552 3904 7605 4831 2086 9517 5696 9334 1733 6464 2087 9759 9463 387 1690 6441 1159 8963 50 9919 4078 6217 
23 2794 6763 3891 3267 8947 5359 8028 4542 2831 4937 3358 2525 8948 9190 7767 7615 9888 3021 3407 9008 617 9287 1311 
27 7850 9406 5009 6526 5307 7305 2262 8688 4920 6449 9044 875 1594 6601 6808 5185 2503 3805 7771 491 1465 1007 511 1905 4980 8740 2159 
29 7743 677 5170 3646 8108 4299 5513 7394 9001 7283 5667 9691 7517 3019 6317 6126 9454 2066 9248 5164 5434 9412 7184 798 6010 2292 1579 9352 7987 
32 316 5128 6399 5288 2936 5817 5706 4644 787 8378 1013 8626 9003 9575 2624 3280 5842 4651 172 7147 4316 4246 122 9011 2209 8971 4048 7230 7092 5406 2609 1818 
32 6758 4960 9451 9002 3462 4663 8754 4120 3031 6166 173 620 7032 2063 1027 3968 1483 9420 7611 4659 6843 5193 1320 3409 7821 55 8935 1969 2588 8204 5215 2386 
32 7733 1293 9054 3165 7768 7710 4690 6870 8743 4985 5220 8175 5548 8574 5701 4009 8103 1070 8297 410 5155 7601 5601 7616 9042 9806 8900 3390 8259 9853 4722 4885 
29 4527 7137 1467 209 6557 4795 803 3202 6039 9167 8096 3185 4379 8668 9526 4602 8195 934 1827 3389 8661 1536 2873 9069 3171 8817 2293 7107 8819 
28 3806 3714 2263 8173 6424 1558 3741 8593 3408 5934 5802 4646 1079 4115 972 6874 8932 999 4409 8210 9547 9077 441 5421 9809 408 5032 5905 
27 4374 4806 6945 9318 9647 638 2859 9931 4445 8078 4425 4783 8991 766 7244 936 2802 4842 1253 7049 3356 9678 5956 6637 8974 3486 6113 
27 2382 789 9674 2965 3775 8474 4343 9017 5398 6598 1785 3914 2808 3443 8481 9321 5070 9461 982 7159 4029 6255 3752 6244 3217 2881 5621 
30 5876 6531 2420 4918 8633 6789 3386 4636 3546 1153 4674 5646 3574 7265 7979 3355 740 1791 4287 2492 5049 6824 7794 3882 3762 301 3543 7378 9439 8452 
32 5494 7624 452 6581 7269 1268 5315 6762 4621 26 7415 7928 9561 175 9489 1262 2462 7413 4748 8990 3820 9609 8187 3459 8723 915 2535 8531 1447 4300 8733 9587 
27 5908 6994 2276 3481 8735 7702 147 782 7287 8009 3918 9277 9717 5391 8699 1216 9692 9375 2757 4874 3980 9829 8745 6068 5420 9601 2201 
29 2364 8994 6332 1213 3733 6646 4103 1899 6819 4579 1601 9219 8182 7483 1794 9918 6118 9020 6423 7370 5605 1291 1942 7810 6048 1570 6978 4308 8970 
30 7870 981 154 8714 8665 5092 1694 4609 1714 7922 358 95 1195 9612 4601 4564 4202 9584 7907 8979 2829 6080 9897 8465 1377 5839 7318 6817 6653 6390 
25 8485 4229 7518 1330 4626 99 7842 4794 6320 8703 5989 4533 3873 9298 9675 4149 9279 8060 9483 9910 5365 8186 8193 4358 3066 
30 3907 0 940 8944 4757 4013 2062 2167 9425 1662 1279 1927 1044 7019 6740 495 5832 2158 4066 6148 9775 6693 3917 1684 7997 6072 1516 4090 5493 836 
26 5721 1511 3148 415 487 7534 220 5628 3880 7792 725 2212 793 8363 9811 1094 4768 6706 2123 39 6974 347 898 6720 9562 5358 
30 1888 2323 431 6565 6475 6363 5478 7853 1703 4457 9045 4515 6517 5290 3301 8696 5149 2697 7816 7914 7612 9344 3208 7080 6792 5977 9161 7520 9125 77 
28 886 9936 1208 6444 103 7763 6721 9486 589 3306 46 1149 608 8092 1308 9914 6567 7006 2179 9112 60 8455 4873 3046 3423 4803 6977 808 
32 6579 1671 1564 1455 2144 1176 3662 2719 9360 9783 8010 271 5546 6181 2464 8192 2277 430 3378 4718 3237 9198 8097 2322 5863 7098 9559 686 5635 4420 3361 4003 
26 4581 4656 5629 7033 5766 1652 120 3245 962 8983 4184 4508 6506 8410 989 3584 6535 2914 3755 5899 9753 7161 9225 7661 8284 7806 
30 2634 2756 3649 5636 9122 6196 5 9660 695 3348 4716 2631 9676 4512 5428 6431 8883 7511 1020 5329 7431 166 8017 5393 2835 6089 6950 2655 1707 1343 
30 5400 9881 997 1873 2908 6090 4319 689 3772 7382 3395 8298 7284 2726 2309 3664 6069 1404 1529 8631 2315 8178 7491 2150 7663 3370 4214 6262 4192 9739 
31 6437 877 4660 8089 4807 2799 1851 7133 1902 5610 3614 3104 9427 9283 3544 8109 9822 1745 7685 1264 3719 9894 7587 4232 8106 1001 4441 3193 3496 7559 8323 
29 5580 7815 5101 8136 1152 1036 4477 4628 6422 4266 5932 5790 7343 71 6093 1858 1541 5252 1682 8240 8637 3922 1802 6083 516 6860 9389 3264 772 
28 7594 7708 9224 492 5068 9928 7745 4301 9280 6044 365 6905 1334 6123 1585 6308 9588 6982 2423 5712 942 4339 3107 7473 8162 7505 1587 7240 
24 2235 446 3001 8113 7069 8809 1865 925 6619 4123 9036 381 7856 9035 3975 1179 7764 4098 8879 5023 4405 957 1325 1543 
26 7621 5259 5917 8996 8620 6189 7322 2601 9401 3023 4218 3776 668 354 626 3340 1520 1834 3709 5694 8846 9438 6803 2509 8053 5718 
30 7519 6761 3272 2786 6631 8986 1691 2172 577 3849 8975 5003 8156 9605 5526 4971 8904 5397 8942 5767 4964 909 2142 4156 4658 7436 9834 7345 592 9956 
26 7122 349 983 3531 7102 2973 1440 203 6186 483 7639 3102 8431 1631 1358 9725 1155 5348 3761 2780 5507 701 1611 6509 3774 6932 
31 4347 2241 2889 4062 2229 3323 1171 8682 5626 7562 8233 9316 393 1958 5539 8836 8469 9901 3757 4089 1318 1983 8890 3913 13 8943 8545 7811 6753 8035 3812 
25 9847 5458 435 6499 5270 3047 7325 4101 5196 1354 5438 1668 9653 7367 2730 5436 8853 6814 3867 4552 1514 8946 6597 4122 3388 
30 4825 9291 5013 5859 3672 1974 6647 9473 3872 3461 8044 5783 3925 2451 3009 867 6908 5430 5697 8565 9942 3234 3070 4828 2660 7542 3612 1411 2367 1069 
31 4841 4465 4327 625 6331 7022 2748 5504 9999 4546 7199 4804 3999 3630 4163 4022 2343 8985 6503 8246 6085 6480 6362 9614 5243 1955 584 161 2261 9971 3436 
28 7574 4346 4994 7464 1574 8395 7150 2384 196 4341 642 7830 5157 9859 7218 2115 8478 6256 4213 9555 9831 1482 3056 5456 3716 7964 3418 2742 
27 2060 5970 1878 8216 7237 5028 5079 596 4161 1052 7434 8005 5325 8889 2832 509 3347 9940 8525 7749 2571 9714 6768 4084 1265 4624 7936 
30 7176 680 5827 1026 1158 8208 704 7439 2380 3205 7000 4466 9079 4897 3565 1538 8447 5885 8348 3602 5449 4426 1715 7441 6972 7064 6311 8541 8758 907 
29 8300 3766 632 4292 5203 2939 1148 8388 7164 2803 1365 9452 4153 6023 539 194 676 7259 6562 5561 9019 2124 7681 3888 3591 2411 8798 5113 3629 
28 3780 5098 3058 466 2284 2056 1283 524 7472 9014 5277 382 2465 6614 5047 8516 1028 7486 9236 8748 7970 3218 3169 2476 5404 758 1600 7555 
27 9395 9485 3216 2325 8389 4051 2723 7869 9828 2890 3783 4402 4902 6346 5987 4050 180 6911 2693 1576 4739 2865 6030 3828 7553 7954 391 
30 2597 4805 7060 8420 8995 4170 1804 6177 6164 3865 7860 2104 2707 5442 865 6801 7991 5121 5750 7052 1457 3580 2560 9341 9165 484 8773 7385 1568 574 
29 6515 4417 3512 1765 6455 3333 6895 44 4502 7503 9701 5240 908 7214 8520 8398 2521 3397 7220 7569 7958 295 8512 6321 5171 6299 2674 8849 3807 
28 1434 5018 759 261 5276 5642 2137 1054 1244 5702 5258 432 9377 9500 2334 9114 8790 4532 540 3085 3375 5179 3894 8980 8227 8036 8594 822 
30 2673 474 8868 3587 7476 296 6002 2798 9616 4982 2403 1948 9874 5481 6591 5462 2501 1118 9359 9862 3417 3038 1868 4322 7900 7036 7618 1843 1364 2612 
31 7031 5924 4224 1580 616 1023 9958 871 6188 8278 9719 825 3220 6623 94 7437 3617 6764 2671 2725 5131 763 5834 5116 6105 5409 9977 2446 8492 6855 1904 
29 3099 9051 5443 9493 8585 1757 2310 1359 5748 4235 795 6284 2439 6392 280 7774 455 9810 8796 7732 8845 9449 2354 248 7597 3364 8554 6306 9433 
29 7286 1842 4878 9029 5658 3743 5625 4652 255 6899 1555 683 1821 6842 1801 69 3088 3458 4479 9933 3521 218 3006 72 4703 78 7180 8254 433 
28 6460 1082 6723 8504 2333 3928 1970 1217 4781 3080 3758 5306 4619 5414 633 470 4684 4350 965 6139 859 2353 4230 7675 3387 8143 9124 9870 
29 1793 7141 141 4007 8621 4141 2708 8720 2203 504 4729 4485 4272 9646 8691 384 2632 7294 2736 5585 4762 385 7796 5139 5764 7515 5663 6209 7539 
30 5915 7014 5731 4439 9422 5033 1342 4975 113 5723 6936 189 8135 2443 4257 8786 8884 784 363 8217 9952 4179 4490 1131 1419 3597 314 422 5272 2415 
30 3292 9554 7295 7895 3402 8139 7874 2502 278 2226 7456 2858 1400 5089 5889 1269 526 2298 2967 6941 1486 7297 8804 7791 9573 7038 3748 3489 1686 4364 
29 9580 3115 8393 6954 7644 6451 1437 1046 8987 4030 6851 4745 2878 2691 4396 7165 6229 8285 273 6902 3244 5087 3579 9264 4640 8116 1360 229 179 
28 7672 2812 57 3308 8049 9697 6501 8988 7911 1120 2495 994 6682 1572 9025 7668 6913 3004 3728 8129 3538 8952 9769 8213 7061 3135 4573 1167 
31 2635 9086 4990 1779 7671 412 5901 6802 1246 9786 3985 984 5517 6674 6006 1788 6410 5227 2978 8648 8727 2389 6314 2696 727 2721 7617 6017 1336 8264 3105 
31 8350 2127 2684 1369 5100 3676 2779 9018 7846 6259 5378 2447 1507 1573 3277 9721 9209 6827 1959 6168 4411 5095 4710 4394 1306 9104 9623 297 3952 8802 6508 
29 8099 42 5347 9134 7582 9533 1792 3441 8460 401 6639 4112 6121 2281 9459 5592 7578 9361 2833 8756 4695 4373 8102 5968 5419 7790 5818 5515 939 
30 703 8719 8755 6300 6153 769 6160 1892 2340 9868 2633 856 7403 3082 1218 9227 353 9063 2670 5837 1598 8843 9930 9184 8277 187 6114 4881 424 9294 
29 1157 4755 5011 3393 7975 5473 9984 417 3892 3164 9393 6931 6832 5569 5091 1480 3279 647 5014 3229 3871 7579 1065 6304 92 6742 3639 1022 932 
30 309 4759 6686 2059 6274 2072 1451 7428 5161 8486 6549 3155 426 291 8711 4789 8813 6641 3977 2083 2445 7452 9548 3730 3549 6833 6231 9681 6124 9763 
26 7512 6302 4174 9440 4216 3744 7859 9570 9749 1428 5039 6056 7187 792 8604 1578 6787 6140 7532 9990 7695 3979 8624 7296 2928 9305 
29 1491 1402 4043 2506 9068 5097 4677 9013 4693 9536 3804 746 6545 4600 9034 3433 4073 9949 9476 1238 6635 7820 6235 6285 4226 8538 5887 2735 3784 
28 599 8334 9087 1209 5429 5549 3941 9909 3845 6382 3480 283 1388 4689 2529 4999 1098 515 2324 3076 8339 5916 6219 2734 5648 8138 1596 8891 
28 6869 3214 5907 1137 1553 2669 63 6122 1813 1329 7206 1197 3838 8313 7336 2577 2888 281 9994 5099 6866 5204 7877 8012 459 1519 8317 405 
29 2527 6040 7142 546 2009 9586 7332 8722 2672 1915 8003 9624 7738 7513 3342 4867 7194 750 6733 1183 9683 9150 1352 7646 6796 6839 9319 9932 3295 
25 6822 3401 5660 8473 2253 1288 8840 3062 4675 6975 9732 3760 4865 8608 3505 3134 4901 2931 8381 8801 8332 3626 4196 8001 6453 
26 7404 9524 9233 6887 3154 4702 8744 5418 3223 5134 3678 3594 3606 7778 8524 4898 6622 7276 7855 2746 5799 9880 5202 4680 9992 9058 
26 4453 2898 9347 4318 1501 567 4110 1337 7669 9552 4259 5255 9761 1371 4155 3073 5603 4965 4189 6182 6828 4059 9876 3242 5083 3192 
28 7740 4182 1409 5464 1760 404 4568 2646 969 1728 678 8892 9214 7894 9656 5897 4649 8700 2615 3037 2514 2045 9583 6371 878 8287 91 754 
25 7608 2915 4978 174 5197 1907 8888 2385 3363 8280 105 8707 8404 5293 8279 7268 6027 1723 4612 9953 8563 361 8664 2192 9304 
27 3541 604 3188 9553 5452 6924 7090 6374 7337 5860 257 5769 1357 7197 9247 2618 4923 2933 1916 8432 6538 2434 9179 2171 5062 8375 4372 
23 7564 3851 786 4821 6046 7349 3857 5181 7687 8068 1883 125 1180 4236 6697 6098 3910 4954 1048 8271 2477 9381 4054 
31 6214 9608 2705 8209 1275 1146 8115 2647 9802 4830 8623 1282 6161 2093 4268 4303 2065 4400 2637 5251 8310 272 1430 6872 7917 4356 2959 8057 6584 244 9877 
28 9727 1809 8146 9921 1736 6045 1965 5146 3962 4741 2176 3693 9092 9637 7361 6877 6608 6604 4250 2295 5848 696 5322 6772 7827 4503 6309 1993 
27 8179 4431 7723 6403 7422 3625 8399 2986 1373 6540 4026 3877 3 9490 2916 2128 4670 9906 3589 5122 6548 4852 5211 6251 7350 1532 3230 
26 3497 2926 9399 6683 5520 1383 4957 302 4763 4882 7077 2342 7788 785 8167 128 7379 654 4070 8511 5869 5979 2846 7461 7837 3186 
25 5151 7470 6811 9516 4505 3002 9174 8385 8729 7588 3727 4935 7310 5081 1653 8330 5499 4787 9565 667 1676 3836 1127 8710 4906 
27 1815 3827 4201 6290 479 119 2836 3525 630 1145 5847 4914 8750 7203 705 1251 7425 1448 5253 3415 6146 6198 5333 6987 7805 4039 2595 
29 9908 2519 109 2523 4436 7844 717 8258 2141 7078 4875 5677 5130 6955 4074 3411 1997 5639 9525 2230 9132 9111 4269 9699 2941 1535 3613 9677 1542 
28 4342 9723 5127 2405 3258 1274 4862 9551 6736 3853 1648 1302 4519 81 4212 7300 3518 3769 1266 9140 5496 3793 4052 9690 728 9501 1346 629 
27 1517 4247 4092 1986 3241 6411 6313 4065 4470 4620 8063 4911 8543 711 4717 7198 8632 7067 6633 4819 8577 8535 376 9482 4280 9633 9188 
29 8433 2850 1009 4248 9435 9135 9256 1755 8508 313 1492 9641 4777 9576 4592 6968 1762 4056 4513 40 3507 1177 5154 5439 2111 7998 8080 9306 5752 
24 4061 873 4375 6901 5241 2035 7257 7146 4535 6329 3623 6215 7972 7570 1270 8768 3400 7783 3572 9925 4495 7414 8494 5874 
30 5065 8751 9317 2030 4208 108 8506 1249 7073 2432 6120 5224 8412 2713 2663 7223 4021 7840 8229 5691 3438 5986 2834 9407 4884 304 8732 698 6261 3921 
32 4144 5310 3648 2536 648 5144 451 2811 1738 6949 8380 8484 2656 4239 8518 6666 2791 2408 2278 4015 6716 8383 12 1903 6324 8281 4848 7583 2666 4238 7231 5057 
26 6488 6798 7665 152 265 6651 9400 5104 1237 6490 813 5390 3485 3357 3319 5945 7285 6445 2518 7812 502 8405 9736 812 9618 1749 
28 3976 9108 6487 8731 5075 927 7169 4020 771 9854 8704 4383 9126 8784 7803 896 1185 9268 4671 2741 7701 646 3145 552 7071 8158 6519 208 
30 2287 2616 7697 6861 5651 3619 9142 9443 849 9670 1324 9457 2377 5313 2079 3953 1963 544 3065 9257 1215 1104 6500 2112 3366 9924 4486 7688 4031 5386 
27 4138 4983 9408 5535 9795 2678 3603 4775 7397 4253 2190 333 1642 4371 9540 8077 4720 1725 6178 3684 7750 6536 290 3569 5686 7858 8118 
28 967 4895 2905 6032 5022 8231 2481 2602 1406 5955 595 3963 171 9163 1077 4664 2311 5206 8560 2426 7795 7862 8680 9917 6694 7981 9340 4273 
30 1539 9330 1687 6197 7384 7065 5866 2533 3273 443 2118 5298 5514 4916 8355 1667 5292 2206 5355 1339 2233 6203 1718 7947 7264 1645 3349 1084 1300 922 
28 8318 4661 9076 8251 7219 4709 3122 2623 554 781 9289 4970 796 8101 1711 1235 6456 9100 6571 8787 8612 1592 2729 9367 137 2183 8757 5740 
28 4879 6128 9893 3735 2196 6091 7628 1250 7589 9189 4822 2551 5469 1678 5016 4168 124 5796 3213 2610 1896 245 4145 3712 826 9172 3701 990 
30 4330 9183 7074 2880 5921 112 2743 5383 7694 5459 3487 505 8260 9966 5291 7801 1489 3947 7093 2921 4560 4057 3647 1913 9292 4563 7363 7406 4384 2406 
30 3951 6316 5624 1632 3809 7926 2605 1875 5595 9151 9726 8776 8920 5337 6218 3315 4562 2550 9197 2224 6276 3545 3466 581 3659 2395 4788 4081 866 239 
26 356 2355 4071 3327 7722 8461 3823 163 1035 9852 2472 7950 9900 7956 5027 6057 5743 980 9492 1241 2619 9164 8940 3150 7631 4597 
30 6655 7563 7547 6810 6348 3503 8123 421 7435 2378 2642 3514 2675 8618 6257 7536 2363 4414 7974 2887 2738 1933 6780 4966 7280 2025 3571 5720 2410 3725 
30 2242 5597 8253 8124 4288 2000 5486 1571 3468 9662 4193 8043 621 503 8308 9096 3254 3032 5389 6710 7312 3895 3097 1524 7636 7937 2490 9129 8304 525 
25 4613 4896 1398 2587 6094 5327 9177 3767 8429 602 743 851 3787 6084 407 1973 950 8061 9365 3482 7373 6912 1919 351 6266 
31 2100 2750 440 7162 8761 7934 5654 6143 8031 4221 7278 5634 8289 2718 1880 9099 3087 4635 5846 1277 9113 5024 579 7427 6432 2160 2665 4988 3781 1597 1789 
33 7985 1091 1321 720 7514 2970 9765 4760 507 5920 6047 2187 9789 1680 9635 7027 2023 65 7334 4708 6000 6205 2061 1994 4517 329 6190 9116 757 5450 2953 3930 9527 
26 4207 8861 7633 4187 3153 3412 4584 3410 8030 9821 1800 1941 2143 3690 4740 9131 428 8958 8848 7930 9882 6865 9737 7484 5873 6483 
29 5323 7843 1602 1953 2427 90 1368 6625 489 9578 7034 1531 3259 1527 5072 6998 6864 5260 6050 8812 4559 3734 6564 4001 6238 5749 4215 9920 4877 
30 445 6031 5107 5471 4899 5950 2244 5082 4961 4148 2019 478 7566 5757 7017 3176 7423 6983 4489 1944 8902 824 5606 1593 4618 5044 7596 7638 9830 4698 
30 5112 5209 465 7471 4870 1322 3516 8498 9326 1064 8374 155 5852 7561 1432 7151 7952 1914 5415 7662 9782 6512 1005 1095 6053 8602 1230 396 8185 8117 
29 6465 9107 9156 1639 4058 2015 4254 7706 5332 3940 4797 9734 7047 5821 3680 9320 3051 4448 9636 6605 4473 8799 1273 5273 4610 9694 5045 9620 346 
28 4540 3139 2169 6609 9905 6438 7195 4938 3568 4369 6572 5904 334 8071 225 1376 1109 773 5431 398 9611 8340 4550 7260 1704 3949 6920 3173 
27 1130 6248 5662 9145 7725 7085 6112 3455 8316 2040 555 1443 9192 4053 5894 9085 52 288 4446 8098 8509 5069 6447 7145 3163 9505 9995 
31 8746 6765 1583 6109 5271 3810 9136 2614 7347 1644 9766 4190 2283 3182 3447 7381 847 5046 4863 2923 7654 3068 5350 6327 6476 5219 1615 2071 1530 1672 7673 
30 9447 6088 1500 5813 6705 6187 527 6995 7598 8811 6755 2935 2459 2194 1569 5995 330 1828 7208 232 8422 8268 7212 1 5132 7045 2976 3116 660 3967 
31 6729 5545 9430 6752 7527 2594 3405 449 5936 7863 9411 6831 9313 1190 6926 1920 6022 6442 3590 9532 6104 2504 1226 4324 3524 7916 9274 9391 8914 1004 2113 
28 9021 310 9339 9487 5973 9371 6986 8548 4025 4069 2165 598 1951 4128 1659 1333 345 2078 1692 24 9666 8685 976 5778 9837 2581 9245 996 
29 6106 2075 8054 1224 2374 8647 3108 4275 469 5124 8501 6550 4682 9309 9216 816 2689 7327 1116 5408 8131 6966 5865 506 1016 3183 8753 2590 2860 
29 5705 1295 160 3858 5570 4641 9750 7602 4707 4151 4929 5440 312 7496 3017 5853 6627 6617 3149 7200 3362 2368 9023 4118 892 7545 237 2984 4419 
33 1257 7959 712 5825 6180 6667 8957 7024 2946 5103 1076 5223 5711 9800 8573 3994 2766 2051 3924 2223 3449 7420 9315 8777 850 8362 733 7225 5053 1096 5644 5472 9152 
29 644 7799 7828 4480 1057 7372 3700 5886 8237 7172 3773 4810 467 8074 5944 4252 3642 1485 7252 760 6649 8771 6472 1946 59 1449 1881 6628 986 
30 872 9649 8766 2996 8844 9015 2554 3303 293 1200 2988 700 9514 5541 7627 4665 1996 5552 1105 3956 4016 4348 6698 2070 730 6988 4593 6117 82 2960 
30 5480 4905 6786 7079 5303 1415 672 3034 9519 5182 5261 3583 1508 2390 2016 8449 2710 4106 4979 4385 9149 3840 9007 6361 5943 835 1276 4357 7331 7209 
25 3335 6247 9193 318 6880 7554 4713 5988 4526 3026 4784 3430 6396 3236 718 7314 6250 8937 6612 548 8955 9038 9426 378 8236 
24 4580 4632 8446 1496 5641 5725 7893 4366 2401 3863 9261 9130 2431 7861 204 211 1565 5777 4344 9604 7530 7641 43 9972 
27 9963 5289 7576 5509 1010 1475 2050 7046 7510 9429 6157 5913 9895 8622 2074 5461 2653 7227 9199 3437 3911 3380 641 4321 8038 533 5912 
33 6101 7128 7007 6087 142 3791 6607 7447 2589 2783 8675 73 5670 5465 7309 2754 3434 3532 3369 517 7626 51 3937 1278 2175 3898 9386 2981 6239 4380 341 436 8377 
30 9047 2558 2336 2781 1234 861 8428 6566 3926 4893 4765 7577 570 4365 9186 8190 9083 5311 7267 1184 5898 7613 464 1675 6867 9989 8684 1462 3311 5838 
32 1721 9496 1838 3610 1623 4060 7003 5234 323 1140 6270 2606 6470 2917 5268 8530 3510 8738 9643 9296 8778 1610 2429 6492 9383 250 8760 1870 4753 8669 6012 3494 
26 1470 1136 5110 1606 7808 2496 1042 6620 5416 9950 7148 551 9218 729 5844 5006 5385 3989 4234 7731 7592 5183 7535 1460 3644 1743 
27 1472 4082 3637 4604 5136 2409 5573 3502 193 1608 8228 9303 2871 1754 7186 8742 3158 2541 5982 8919 2154 4510 1392 1078 6533 5470 1540 
32 5096 3074 4723 9510 2627 3488 559 9758 5008 6005 7315 3841 2232 635 342 9534 5895 7477 1795 5352 2205 8401 6799 1156 5840 3022 138 9771 513 8912 9242 2461 
29 5903 6076 1202 8464 4849 4004 5080 7925 7062 588 3033 2919 1713 9310 4406 6491 134 1498 6900 5890 3943 5787 3618 5727 2265 919 2153 2902 6095 
27 7123 7854 6379 5200 2641 5168 1174 4548 7882 3337 7329 1454 4615 8425 5117 5059 6771 9988 805 7573 8207 4958 5964 3396 3799 5172 749 
29 6676 8470 6365 7868 9832 7752 5969 9031 3028 6184 7765 6788 2852 1847 7444 2910 8202 9754 1967 618 9915 640 9793 6489 9982 8917 8645 1319 5245 
29 207 8779 2371 7408 9202 7467 4108 1102 6343 8242 4696 3577 5880 4888 1548 802 1468 6074 7051 6971 286 8130 4582 9911 4459 5448 4471 1534 9885 
28 6322 3527 3723 9943 9322 5531 5737 9528 8956 3628 6704 794 3504 501 3515 1328 8876 4650 9067 8379 2993 5324 3126 4962 6176 970 5788 4242 
28 564 9856 6942 1201 1041 2250 2924 8857 8762 9276 1641 68 9816 8706 9460 1885 7786 885 1952 8032 2989 5316 2716 3261 2048 4256 1298 9762 
27 2238 8872 468 4237 5422 4424 1061 2818 8050 1058 2361 674 9448 9720 7179 7011 6096 7622 3818 933 5732 10 2448 4314 3444 8615 5088 
26 9231 411 5530 6195 3811 3740 5972 3147 5111 2651 9259 6041 9546 9342 6183 5794 2467 4377 9713 3382 1808 3902 2335 17 9625 3674 
28 2280 6727 1193 1463 4107 6610 7540 1039 5594 1774 1763 5264 4279 3745 11 2751 2626 1533 9249 148 5598 8352 1263 9488 3912 7485 9390 7879 
29 5593 4623 6934 2428 3059 1614 3136 3830 86 4096 5928 4746 1431 8616 6448 2512 3329 7096 7400 8128 6959 7746 7210 4283 3660 5602 5822 8072 33 
29 8628 1128 4398 7556 6630 3964 8528 949 8839 416 6401 2491 3042 7213 1099 5719 5824 3944 6692 2895 9238 7070 7881 4496 5302 2479 2482 5275 5357 
29 9970 4329 7281 6805 7243 1853 8127 7931 4136 4033 1071 8925 4418 4200 7110 9650 8551 534 1926 1450 8850 9619 1811 7365 8295 7990 7507 35 6077 
27 7042 862 1685 47 1403 952 520 664 7906 3103 1194 321 7048 3658 974 9009 9325 9865 7798 9803 8090 2682 8954 9567 9871 4086 1773 
27 1063 5073 7348 7319 2240 8319 2052 535 1386 8529 716 5413 2932 1812 2304 2715 3699 7679 126 1301 8440 2555 1525 9572 4933 8939 3300 
28 7896 1992 7100 2375 5364 8045 7364 6800 3596 4662 7885 1073 666 6585 6909 3984 8667 3983 1000 4992 2269 4655 6292 6406 3887 3343 8026 4917 
29 7664 3759 5506 3091 359 9689 3600 3595 8414 8867 6600 838 298 1466 5608 920 2064 2121 5990 8081 3206 1599 5736 6677 7516 2173 8479 5733 5819 
28 2801 6228 7883 8659 3111 3048 4137 1708 2449 6960 7912 708 7845 2256 3713 4792 5729 1417 7983 8747 3737 256 9458 815 4847 9267 9574 2478 
28 9873 611 3328 2760 8643 6858 6747 7201 5845 1649 7606 9659 1110 2275 5596 8901 3519 6481 62 4325 2585 4034 9053 6813 2955 9639 3464 7551 
28 3765 4764 5692 7973 9239 8252 3302 562 9147 818 7839 508 9373 3982 5716 5501 9954 7625 3685 7951 3071 830 2435 7770 7407 2391 9702 8578 
24 7226 8325 6033 9569 3429 1509 3162 3800 3309 476 3931 2047 1172 9118 8180 6522 3819 558 6756 9518 9673 4751 1961 7469 
27 3965 9545 1138 926 1830 5567 3351 6680 496 8430 9945 3886 3972 1408 9543 2806 9912 2345 5425 6757 3368 5129 9195 8361 8833 7872 4362 
28 945 8765 9215 2257 1968 542 4296 6650 1850 2010 4113 6575 8008 8145 4577 9345 578 1734 6328 6192 6315 6007 5031 779 7546 6446 7030 9542 
27 6938 8439 9155 165 1490 6241 9724 767 9817 9254 380 2383 2904 8597 8152 6836 8400 9169 8584 1476 8782 7076 5328 2473 1290 2770 4892 
29 6961 7607 3665 2958 6413 2636 2416 2511 1906 500 5547 9127 5346 910 6790 8487 3724 4176 5571 8697 8002 1884 2593 4603 860 8463 3454 4024 1345 
24 5810 827 1912 2944 5007 1700 1978 6845 4813 2827 8095 1143 5195 8218 8328 1747 8783 9976 3473 4443 6385 751 101 4817 
31 2899 519 2164 6028 1067 2234 4599 6060 5319 1055 3098 9265 7166 8349 8288 54 332 7455 5741 1522 3131 8650 177 8896 3751 5167 7026 1636 7139 9773 3689 
27 7919 8073 3281 9055 8818 1637 8070 7776 987 6394 4422 9010 9194 3322 123 3243 903 2823 3152 9450 684 2885 3529 9244 2773 6725 1332 
28 5669 7232 9175 5952 7193 1350 1709 9996 6719 9282 4452 9818 9980 4780 9302 6035 18 1083 1481 8107 1090 2254 3616 2567 3314 3421 7595 4950 
28 3605 7039 7409 2248 4077 4829 9453 3717 5521 6063 3703 7339 882 6216 2090 4245 9772 514 4963 5704 8938 6409 8815 4752 4686 3855 8831 34 
29 3469 6826 1735 2 634 2358 1225 3843 8899 6695 6981 9700 3901 8489 4974 5278 2014 5940 8718 5607 176 4811 5978 5586 6918 9431 9502 1971 1768 
27 6573 2903 2407 8863 9070 846 1114 3290 993 9898 9286 6568 1435 2934 880 7804 565 1582 6293 4673 3094 202 5135 5102 1518 6595 2092 
26 736 9577 3203 6208 1739 4986 3110 9904 234 9170 9627 5301 9143 6281 8961 2321 116 1444 5715 7095 671 2419 9955 2951 4023 2855 
27 6016 4404 6569 4647 2549 1846 7969 4087 8343 4185 2457 9788 7506 8906 2868 5849 3359 7459 3460 3540 2034 4121 3448 549 7302 8807 8898 
29 9592 6129 8466 2186 3325 7247 2185 383 900 1405 1770 2290 9000 372 4627 2954 5975 3511 8522 4827 5015 7963 7586 6191 7465 2126 5143 7399 2105 
27 6412 3384 3971 8453 8051 4622 6493 9266 2314 6642 277 9467 6333 5998 5543 2759 7524 9869 5221 219 8490 8927 1441 4984 7417 4575 8336 
31 7967 6212 7250 7826 651 601 2243 2216 1219 5318 4 9959 3495 7929 8895 3620 2297 8752 3125 901 7357 6821 3270 5320 8170 164 5836 1206 9368 9137 7502 
26 4846 5189 2849 9290 1401 3790 5582 7891 6951 201 1399 5536 1260 8157 5392 6889 3124 9842 275 8373 7480 8910 4951 4773 2891 9324 
31 5309 8764 3929 8603 3477 6457 1286 9813 8656 5207 6583 3372 9947 6914 8885 2810 9872 5971 1956 5201 8119 6516 8290 6116 2557 5929 2775 1303 7660 2727 2425 
28 5505 7739 5695 5371 1191 7160 1446 7279 6478 2316 6504 7544 2437 8589 5553 1310 5564 5512 4539 1584 4040 8275 4919 7412 1848 1806 9780 4014 
27 3350 7104 2548 7081 6194 4080 1097 9358 2552 7175 9568 4572 7149 3341 6414 7010 5106 6744 9095 1665 6370 8672 3942 6130 3012 6893 8556 
27 5833 2776 1366 30 869 8736 5510 4554 38 9101 7717 2695 2994 6049 4335 8532 1499 110 1033 7769 6825 3298 9850 874 2452 4499 5803 
32 5190 6587 4127 2049 6405 418 6009 9123 1021 3960 2178 4637 5763 5800 3394 367 3638 9742 8788 6391 6008 5228 6137 7818 1864 9128 223 3936 1256 4302 6980 2337 
26 6204 8341 3141 5296 3255 8921 3864 1712 3123 7390 3345 845 2338 6019 4038 8660 2950 6439 7980 4415 7458 7375 9628 4945 4165 9160 
26 6696 575 3721 4701 2980 7398 6797 8600 7754 6319 9808 5074 6435 5244 9409 3294 4679 2975 5247 4355 5266 7121 9864 8215 954 7391 
28 1505 8561 4726 3654 853 4472 6482 5213 7817 58 5395 4942 1764 4391 6466 8326 2507 2170 6352 2328 4544 388 2702 3561 4211 2099 5114 3426 
30 8338 4915 7632 6660 9867 5066 4586 4711 1634 1182 710 7789 5142 3815 3566 2667 5671 4340 7649 3299 6656 6416 3542 9589 5176 7670 9651 4164 6108 2252 
28 6034 9748 5867 5412 7376 3533 4909 7433 7207 3450 4968 2797 4410 9973 9890 9441 7233 4889 5746 4996 439 5423 7091 5525 2456 7851 650 9840 
30 1034 5590 1949 2894 5841 2528 7087 5900 5344 3794 3404 9939 3522 9428 7730 5250 2591 3969 7744 7525 2540 1314 4645 1072 7410 5959 9951 3235 4786 9201 
27 2640 9436 8824 1418 213 7848 5687 7727 6615 4171 7913 1327 3092 613 5633 6388 1563 702 7800 5627 53 8456 4529 8724 2197 9157 129 
30 8052 6711 1845 7492 8200 5949 5681 3054 7245 890 4100 8749 1361 848 9262 7388 3128 4910 1166 4859 8933 263 9712 6524 7901 3604 857 8681 8856 8716 
31 6301 4912 8993 9667 5085 9839 115 6979 790 4382 7677 8654 6621 4353 9061 4323 8315 3899 1575 386 9312 7255 2348 7282 339 9405 1367 5927 4528 9293 2755 
27 4413 531 4337 3284 7822 9801 2031 3114 2547 5782 6052 1612 4440 3856 7253 5191 3053 4152 7234 5728 9998 5871 8860 1551 3890 9380 6268 
27 1232 843 5533 3981 266 8248 6638 6357 8816 8120 776 1605 7946 6943 7117 1874 7684 5942 5379 2701 9033 9094 2598 4557 9544 3470 899 
30 7645 2681 6463 3692 2379 7256 1059 7055 1619 2763 3283 4262 2454 6334 1272 4197 4205 6471 7941 7647 8638 2346 7988 5620 6546 5369 5967 6417 2586 3083 
30 814 8249 8040 4481 8163 2568 8605 2109 1798 2215 532 4278 7168 2573 5366 8021 7108 7395 5755 1581 9288 4676 8922 1151 6892 4351 5500 3197 6815 9827 
27 4297 5152 5019 1113 4454 6690 9819 4913 1198 3178 1701 4567 5186 7992 4243 9384 1150 8406 6594 9442 3201 2433 2922 5029 3837 7044 3252 
29 8893 5076 2381 1066 4587 5925 5467 2436 4894 9455 2886 8451 8223 6514 2317 1375 6997 8004 742 8652 2094 724 9986 1607 7432 1890 5579 6940 2956 
26 4191 7018 9969 4714 6933 1423 6714 2940 7072 6325 6643 4799 3702 7784 643 260 6770 7619 4072 9480 1699 3909 1787 1092 2122 1917 
27 9537 406 4956 6856 6539 6754 2722 6741 6669 9424 2819 1101 2998 9235 437 217 1882 5910 9418 1493 7523 3184 4735 7262 1017 8386 4220 
29 6372 4162 7982 2101 6459 5455 7182 8793 3072 8514 8468 2918 5444 8870 9923 3796 5996 8728 48 661 5652 8827 136 4732 9115 960 2686 1299 1351 
29 8513 6193 4317 7005 8571 1108 9158 494 8203 3990 3954 9687 8333 9351 6073 7468 961 2225 8301 8104 7704 7593 3170 3346 8877 2412 9477 6173 6916 
24 1122 2706 3747 1909 5631 6654 1897 4583 5295 3536 2221 3813 9581 4941 5587 2814 3181 8411 1255 8536 7977 5754 6663 3948 
28 3268 4772 9740 4158 2733 336 5771 998 5851 4438 3916 8553 6745 6110 447 1003 8144 2018 8689 5217 178 8828 5798 7897 852 6746 2966 1168 
28 3239 7453 326 6014 8140 3537 8438 2961 4225 6528 6359 744 7703 1134 2864 2664 3657 2373 7442 806 7451 4125 963 9222 1697 2544 5914 236 
29 7083 6158 488 1223 4328 8199 8407 7666 6402 9030 5453 1751 3276 3795 2247 9993 5542 9805 2168 2132 9668 6658 1315 7737 5615 4989 9363 8437 8270 
28 2301 4743 5948 5108 3945 1935 472 3575 7923 8523 7898 1841 8282 3829 3256 1313 6523 7847 3749 8795 6065 800 5829 2912 521 9331 7217 2869 
29 5503 191 6513 9631 3081 3870 8510 3598 5212 4639 9041 6750 9887 9089 3874 198 2652 5791 6397 8800 270 9833 1335 4334 6223 1474 9648 817 8273 
31 9857 7876 4494 9820 7889 4596 3808 2744 1254 6891 8427 4733 190 7921 1414 8458 8903 8345 8059 4399 6381 7156 6337 3453 4887 7191 5947 6297 5565 879 1379 
31 6303 3159 697 2246 3683 3247 6713 169 9715 7130 6560 1144 8649 9139 8034 5000 6485 3190 3471 1861 1056 7780 5792 2838 4642 5048 6726 453 5368 3560 9260 
26 1479 4312 3961 1629 5417 4240 4521 2566 9006 9644 2106 9755 8677 2444 5522 6919 461 2795 7920 8088 4616 3331 8611 9779 2534 3040 
28 834 8483 2228 1577 3622 7445 7016 3266 2217 9791 3129 5037 1002 4630 1381 1294 9388 4437 7716 895 889 5811 216 413 541 3376 6054 195 
28 4206 7482 6367 4883 3661 5931 5038 6738 4551 9825 4088 4931 5382 8443 8636 423 2883 9799 4172 118 3269 7089 1822 4591 5637 4796 5559 6963 
26 2245 6948 659 1211 3018 9148 2359 2625 1129 5405 8312 2565 3132 2073 3499 6283 1305 8568 6245 2339 3687 8725 2848 5299 964 3262 
29 4249 6640 1932 7490 9205 6408 5674 2985 5051 5773 9217 747 6067 8721 5071 7678 9730 4117 9498 9981 3986 3768 1867 4525 6611 1126 5058 6358 340 
32 6603 3938 3563 311 5194 1188 1196 3084 282 419 5353 4263 6602 9767 4147 4006 1894 5926 4614 5961 9529 7224 9382 135 6373 3275 3248 6286 5614 5123 2510 7383 
28 1702 3883 6277 6896 4233 9417 5180 4871 9844 723 149 9696 3993 5693 4657 4195 5699 656 9866 2108 6935 2021 1515 6616 6429 973 2508 7114 
30 6657 7742 9284 2613 6795 324 8351 6415 6688 3609 1309 3199 2979 1669 9855 6206 7291 7892 89 5572 7015 2762 2580 944 7474 582 2166 9843 3927 6001 
29 6691 8941 8557 4469 7999 6563 9178 3211 8183 5759 3274 9785 4955 7940 9679 7691 529 5427 6201 9241 2732 5246 8894 6386 6632 3534 4724 5581 6862 
31 9541 737 75 8822 4766 953 7105 2350 7572 3705 6350 9706 4769 1982 2841 3013 4111 4169 9957 9228 8239 7320 9716 2319 778 2796 4390 7328 2043 3432 3556 
30 9522 7438 2787 7008 1753 3224 3691 8951 631 308 7705 8147 5574 1567 7707 7157 4705 5279 9796 3172 6618 7097 3310 1836 2494 4035 8715 9695 4354 8376 
26 49 823 3113 222 6468 8311 5930 338 8590 9671 3788 722 8346 8482 9975 8294 6923 7127 8959 5036 4776 6847 8726 3715 2877 235 
28 2393 325 6671 5133 1807 5177 6991 3143 8426 5432 3257 9026 5373 8555 6318 3005 8820 8272 317 9698 518 1871 691 9922 7637 904 1222 2474 
27 7293 6707 9356 7692 5918 7966 6366 7756 7401 777 8450 6659 605 5613 4549 1258 2326 8905 5137 4097 5516 3414 2161 5205 6664 3077 9357 
29 1421 1526 1557 4791 3679 5287 9535 639 2785 7374 6812 8526 2033 7558 9109 8627 8580 1220 2897 2360 2266 4381 4590 9814 9097 7591 463 5933 1018 
30 5242 188 3826 1683 6107 1879 8874 1494 7657 3052 3797 2828 2497 924 2466 3063 212 5830 355 2470 3558 8086 1981 7301 1954 7865 3848 9790 2417 2372 
30 2438 8403 2582 1297 3238 8709 8344 6760 3959 7575 550 894 9538 2513 3635 2312 6624 1205 4219 4666 7 7935 2983 8741 4277 5269 167 9824 4556 810 
29 4605 2116 3381 1497 5744 1458 5537 8730 5700 4868 547 4738 3742 37 4044 4844 3879 3669 1187 1823 1239 6890 9571 1820 1886 2906 4142 4536 8759 
30 9566 9987 5953 9603 4487 8579 8559 2042 4166 2604 3318 8808 6743 4850 5828 1281 8913 7651 937 4857 2299 444 7976 8296 8329 6058 1922 7460 4801 5394 
28 9684 6134 6652 8918 199 9861 5655 3935 2857 9075 8137 8515 1385 6421 7239 9311 6156 699 477 9710 9281 9171 7760 2053 6078 887 1477 8402 
33 6020 6906 9735 9849 3015 4977 1045 4451 6154 7529 3667 8854 379 1037 1705 9091 6766 6881 319 8357 3156 8154 7308 5768 4744 8519 2125 4836 3564 5551 9797 2286 1936 
31 6838 2679 9652 9776 6496 9504 8153 4387 9804 1214 6253 1840 5388 4289 6542 4669 4186 4987 6344 3313 8359 399 8367 227 1962 6718 4041 2731 9211 3140 8165 
25 5902 1412 5689 247 913 4940 4869 1895 3732 1688 6929 7324 2441 9040 8027 7304 7880 4367 9913 5786 5067 6335 6484 931 1438 
31 3824 3552 4462 5568 2249 9121 4949 6162 2574 4725 8324 6985 9102 7360 863 3555 6505 259 6086 8657 8880 3233 2659 6433 5267 4032 5372 2747 775 652 2005 
28 6443 799 5141 8953 6213 5708 5294 6295 4509 6330 6857 3652 170 7135 3338 7781 3897 8712 2861 585 3859 6556 828 6479 7543 3633 7538 4130 
27 2430 3694 3334 3920 1940 2138 3383 7942 8480 2026 9323 2962 612 4194 622 1854 5937 7307 6672 5657 5618 7418 8255 5807 9979 2842 7392 
30 395 127 7275 2274 7053 4936 7887 4157 471 8558 5523 2081 5850 3557 9437 5980 3101 8387 5856 8566 4715 6323 8066 5381 2583 1844 2394 3643 9472 4255 
26 131 3086 2268 362 4320 350 6145 1175 9272 5187 5575 9062 3133 1640 560 1425 8984 6885 4313 9590 5163 5198 6220 1975 1746 8851 
30 2388 4326 2089 1985 3215 2007 8897 9251 2356 8792 923 4363 3789 5160 1635 21 713 2866 3782 3490 7549 3446 106 8435 370 6011 7086 649 9173 1456 
30 1024 4785 2800 8646 6081 3506 2927 6426 7712 1178 3896 4654 1658 9731 97 2668 1613 714 3847 2288 7111 8595 9064 7531 4861 2874 4447 3479 8448 3957 
29 688 5334 9741 8929 2146 4264 1726 7188 6868 1898 6629 6644 5864 7968 4484 6003 6816 6527 1088 9638 3992 8702 6759 3763 5906 6993 5034 8384 4585 
28 6709 4555 9349 5993 623 3889 84 7140 2758 228 8421 594 3551 8493 7501 1374 7909 8392 4959 2195 6171 3884 9756 2680 4694 992 7599 8596 
29 6875 8570 5823 9506 4737 2468 7766 5962 6910 269 3634 911 9582 8069 3958 7236 7640 6702 6473 8791 4005 2909 1353 4921 7040 1831 5367 8698 6260 
26 522 9022 5758 28 4793 6234 9469 6689 2650 6749 1650 5544 9599 9835 2442 9263 397 7028 2925 2703 7995 7680 6552 6467 7125 5225 
30 741 5281 4114 1261 5115 3651 1186 5331 675 5426 5756 215 1043 3881 7416 8803 5380 7351 7635 3641 5002 739 315 9012 2095 9746 804 4522 5734 7709 
28 3320 1012 5376 3671 3562 9846 7729 9851 442 4167 9896 755 1972 3640 9891 1528 2531 6425 8370 4129 9271 9704 9374 7112 233 6149 3586 7508 
29 5340 3451 6830 5653 3908 9722 7932 3317 9815 4687 475 7323 948 2768 9004 1439 6469 1781 2825 5722 6312 1229 6956 1030 8572 2162 8875 1459 6202 
30 5487 5739 6809 5774 5770 3675 5004 3987 4648 2082 7177 6398 6036 3286 3582 5158 3978 8462 9470 2784 4571 3517 6377 2952 2028 8372 6734 1284 8546 1164 
30 133 5249 6804 9632 9503 4183 6199 4315 4482 6794 748 6 556 9594 1862 3526 9929 6364 2239 3035 7978 4973 9327 2351 7944 4840 9744 5263 1719 5356 
27 2657 8949 9346 682 8674 9285 5747 3484 1589 3802 7871 4175 788 8644 7099 104 8655 8635 7222 8243 1979 537 9709 5162 6380 9295 2331 
27 4304 7178 1429 7012 5623 2505 3535 403 5451 80 268 5994 2522 1296 2847 9948 3344 8201 5698 1395 9557 5997 276 3754 6230 9960 8837 
26 694 369 8617 4598 2907 5877 8222 7809 5527 1060 4049 9883 4265 93 4134 6778 5056 2102 4181 3801 7585 3373 4900 2596 9711 2611 
30 3296 9863 9860 1382 1805 5566 624 1203 1852 4199 5502 1162 8441 8821 23 9350 5981 85 3869 5017 6227 6272 8537 7753 807 6258 6724 8454 6278 6136 
28 6240 87 2546 2307 2302 7158 8055 8214 2460 4037 6681 9682 2305 9419 2357 3127 935 8613 8810 7927 3631 3161 5370 3528 7984 8692 1987 2645 
27 7289 3611 6520 9273 8838 4500 7634 1210 6687 7762 8015 6952 9314 3416 7715 912 5297 9685 2054 7866 4401 3474 6846 2484 6342 6588 3465 
28 610 5762 3753 7120 858 7131 4227 5911 5208 9072 5050 2214 6679 1471 88 3151 8082 3029 6793 1469 8587 8582 6450 6102 3833 8814 6532 5354 
29 888 7440 9743 4483 7832 2817 8789 6589 5308 9474 3456 7655 4638 8091 2720 6079 9105 5466 966 254 2147 3117 7273 7910 8670 8797 2011 6497 3844 
30 510 658 2782 4998 6779 6661 8882 8221 7487 7833 3601 289 6092 3246 7298 6962 1513 8859 1087 4442 6393 597 3842 7652 995 4812 5675 6264 6884 6848 
31 1722 4890 1966 1341 7116 2055 600 8869 2498 2376 6553 7183 9657 3120 8133 1207 4421 2424 8547 1908 8293 6675 6882 1355 7785 184 7533 2163 366 9050 4574 
27 2044 2453 2683 3779 3498 9669 833 9240 7380 1991 6167 3893 4688 7229 3475 9658 9213 2414 9385 4333 5210 162 8029 8011 9823 1786 3530 
29 2088 1819 5229 7173 8534 2892 231 5119 6863 1756 6055 6883 2366 4837 4085 9403 4782 253 5030 8500 74 2139 7429 9591 770 8639 2694 6939 7683 
26 4159 1537 2020 5862 2455 6915 663 6774 3265 5173 4276 1192 2469 2208 6142 3970 2949 6169 3729 9672 1242 9937 5041 3371 9745 8878 
26 1655 6340 1706 5688 679 8391 5479 8022 7495 6684 3055 6246 7023 692 9203 8977 2879 1271 2486 7316 1422 1019 4697 331 8436 1995 
29 706 2772 3578 8499 7155 2308 5795 3232 9252 9093 6288 8382 140 8006 1930 9622 7720 1410 6294 7614 4203 6179 7163 7466 6878 8640 5093 8459 4926 
30 8197 3442 8832 8396 6748 2313 3226 9187 7205 4458 2761 2821 8642 3240 146 2556 8690 6946 473 5616 5793 4939 7454 2911 2882 4594 3222 6767 5475 4209 
29 8335 2515 3406 2330 6458 615 7238 2739 5529 4925 8369 2227 5483 4907 7154 3030 5199 2463 1591 6062 2303 1783 1547 2480 7600 2096 4126 8544 655 
34 2487 693 7773 258 8881 7387 4076 168 2575 2937 8781 335 8705 1204 6841 3321 4131 2896 2943 6700 1287 8445 538 5558 6947 4160 5528 2843 4924 573 9066 8502 3195 9073 
29 9654 8238 2294 2387 5753 9708 497 5284 264 3798 8886 6840 7734 645 4361 7448 854 5317 6818 5238 2402 7084 4307 7101 8000 4010 4972 1938 8806 
27 7971 7841 8527 7648 5588 7134 4474 6999 3287 2592 735 7246 114 1280 5808 4177 768 2774 8687 5339 20 8234 4241 210 7813 8767 4063 
30 8132 1716 9642 3090 6791 2728 8191 1068 2332 9110 7761 3049 3550 7888 4091 1911 8354 8188 3581 2542 9610 2617 3476 1008 3367 4305 9300 7371 7396 4876 
28 4561 7825 2628 8989 6551 6037 3576 2098 9845 8110 8356 4818 9206 1312 7755 9364 2114 1931 348 905 1442 9372 4104 5991 107 752 1473 7557 
28 2830 4491 9410 4124 4359 7035 5360 5282 400 7802 2370 5556 9729 3656 9387 344 6477 3483 9613 7726 9752 1810 9903 9938 1051 2607 4493 8887 
27 4464 5524 2202 2790 7623 3118 4475 1390 1742 3057 8419 1326 955 5374 1243 1363 373 3189 3792 8360 6970 66 1628 1877 1780 9133 2963 
30 6543 5804 3278 5854 3933 3681 8062 9705 100 9338 7313 1212 6289 8491 2041 9784 6731 2608 1561 1989 4995 8549 1784 7953 8562 734 8599 6339 2867 5884 
25 5640 3227 1349 3067 9078 4223 8025 8014 2530 1661 343 523 2740 2621 8930 1869 389 5812 6703 9899 4067 4653 8100 8575 6976 
29 9967 9491 6282 8205 8083 4378 2440 4570 221 2844 1389 765 1857 5375 8093 975 5118 6172 7321 6937 9550 5314 764 7421 7629 6147 5060 9237 5690 
32 2862 462 2069 8291 7270 2133 4267 3137 9703 7167 8309 3445 2570 1777 7526 242 3121 3212 5893 8826 9255 2629 8864 9074 5703 8416 5591 1125 5485 2267 5868 482 
27 4853 8172 6717 1964 1950 375 7340 8923 1988 791 285 3950 4625 3324 7037 6785 841 9081 7905 4332 2189 4864 7960 7550 9968 4845 8606 
31 4997 5784 2553 9308 3718 9792 5665 7494 3876 5230 6927 4558 8235 4132 7521 4140 4002 9098 6387 4516 6353 2971 9961 4683 5126 8434 3764 2767 7136 7571 9196 
28 7185 6728 4629 5239 2688 2471 2824 2032 4833 1556 8976 4779 7604 7241 8342 2957 5519 3585 3770 5554 968 572 2182 5879 5218 7700 3906 1778 
25 2129 2769 2306 9983 4538 6071 3075 8713 1240 307 9838 3095 5797 6291 6511 4736 5120 8423 1387 1139 7050 6529 5437 8936 8358 
28 9397 557 1586 7878 4706 392 6904 1236 4217 5492 9593 4991 1960 9246 5858 9212 2207 4993 2210 7132 9630 4450 5761 9444 3457 6170 7807 7362 
30 8569 7824 1696 709 3607 1710 8084 4173 4903 8166 7058 1681 917 8226 3666 7368 5178 5760 8967 5801 8206 4927 4294 8023 2578 2563 1100 628 9230 8056 
28 1643 5659 9210 6155 214 9329 8159 6307 374 6360 4116 9253 2155 7216 9258 7211 1670 8999 306 855 9120 821 7405 2413 2076 4643 6243 3253 
30 7686 8924 1856 1977 9478 4790 9508 6263 4565 6305 3431 294 1331 3756 3420 6021 5265 4541 2001 8619 9250 8717 121 6879 6369 5463 3736 1259 9355 1154 
30 8873 6775 151 4449 9278 6673 2369 5984 7498 5077 780 5861 8013 881 5338 1732 8194 8058 3846 9944 1169 5105 4835 1817 6345 1323 9462 1921 6356 1488 
30 226 3548 6151 4834 8695 3834 6141 3332 4083 7735 4178 5730 2067 7787 3860 6699 6886 1487 3513 6051 6131 7965 9597 1103 9056 8775 8495 4712 8244 8075 
27 653 8321 1080 1252 2929 5042 8592 7449 9176 1752 6349 8347 9232 8533 5645 5820 3392 2320 5484 3014 9307 2039 6273 3934 8591 3138 8834 
30 7271 6739 3225 9343 2136 8630 1673 3663 9686 726 6574 2156 2145 9531 876 15 5169 1775 7643 2259 3020 5680 8847 2318 3698 6665 4360 8150 3221 3900 
30 6592 420 2400 1900 4728 8184 6125 8564 337 4027 6737 6554 6434 2524 5410 1651 8842 4731 3179 434 1436 5672 7814 9221 7933 7463 9878 5407 5078 7369 
29 9926 8409 6103 3817 6064 1135 3250 2990 8829 9226 150 3878 5377 7249 5992 3008 4095 7560 2296 9747 143 8299 5643 4093 5147 1679 9602 3109 2690 
